SF:lib/src/core/extension.dart
DA:12,0
DA:19,1
DA:20,4
DA:25,0
DA:26,0
DA:27,0
DA:28,0
DA:31,1
DA:34,1
DA:36,2
DA:37,0
DA:41,0
DA:42,0
DA:43,0
DA:44,0
DA:45,0
DA:48,1
DA:49,1
DA:50,0
DA:52,3
DA:53,1
DA:54,1
DA:55,1
DA:56,0
DA:58,0
DA:59,0
DA:66,4
DA:67,8
DA:69,4
DA:77,4
DA:78,4
DA:79,0
DA:81,0
DA:82,0
DA:85,0
DA:87,0
DA:89,0
DA:91,0
DA:92,0
DA:95,0
DA:101,4
DA:102,12
DA:105,1
DA:106,3
DA:109,9
DA:110,27
DA:113,4
DA:114,12
DA:119,1
DA:120,1
DA:122,0
DA:132,1
DA:133,1
DA:134,0
DA:140,0
DA:141,0
DA:142,0
DA:143,0
DA:147,4
DA:148,4
DA:149,1
DA:150,4
DA:156,1
DA:157,2
DA:160,1
DA:161,1
DA:162,0
DA:163,2
DA:164,1
DA:168,0
DA:169,0
DA:170,0
DA:174,0
DA:175,0
DA:176,0
DA:177,0
DA:183,0
DA:184,0
DA:185,0
DA:186,0
DA:190,0
DA:191,0
DA:192,0
DA:193,0
LF:84
LH:38
end_of_record
SF:lib/src/core/logger.dart
DA:3,30
DA:4,30
DA:5,30
DA:6,30
DA:10,1
DA:14,0
DA:16,3
DA:18,1
DA:19,2
DA:22,0
DA:23,0
LF:11
LH:8
end_of_record
SF:lib/src/core/storage.dart
DA:4,12
DA:5,4
DA:6,9
DA:7,7
DA:10,4
DA:23,4
DA:25,4
DA:27,4
DA:29,4
DA:31,0
DA:33,4
DA:35,1
DA:36,3
DA:38,0
DA:39,0
DA:41,1
DA:42,3
DA:44,0
DA:46,0
DA:47,0
DA:49,0
DA:50,0
DA:52,1
DA:53,3
DA:55,4
DA:58,1
DA:59,3
DA:61,1
DA:62,3
DA:64,0
DA:65,0
DA:67,0
DA:69,0
DA:71,4
DA:73,1
DA:74,3
DA:76,0
DA:77,0
DA:79,0
DA:80,0
DA:82,12
DA:84,12
DA:86,16
DA:88,12
DA:90,9
DA:92,0
DA:93,0
DA:95,0
DA:96,0
DA:98,4
DA:100,8
DA:102,4
DA:104,8
DA:106,0
DA:107,0
DA:112,3
DA:113,1
DA:118,1
DA:119,3
DA:121,3
DA:122,1
DA:127,0
DA:128,0
DA:130,1
DA:131,3
DA:133,0
DA:134,0
DA:136,0
DA:137,0
DA:139,0
DA:140,0
DA:145,1
DA:146,3
DA:148,0
DA:149,0
DA:150,0
DA:151,0
LF:77
LH:43
end_of_record
SF:lib/src/core/usecases.dart
DA:11,0
DA:13,1
DA:14,1
DA:22,22
DA:24,44
DA:32,0
DA:34,0
DA:48,0
DA:50,4
DA:51,12
DA:52,12
DA:53,12
DA:54,20
DA:55,21
DA:56,20
DA:59,0
DA:60,0
DA:61,0
DA:62,0
DA:63,0
DA:64,0
DA:67,0
DA:73,0
DA:74,0
LF:24
LH:11
end_of_record
SF:lib/src/core/mqtt.dart
DA:5,1
DA:6,4
DA:8,1
DA:9,1
DA:10,1
DA:11,4
DA:12,1
DA:13,1
DA:17,1
DA:18,1
DA:19,1
DA:20,1
DA:21,1
DA:22,1
DA:23,2
DA:31,1
LF:16
LH:16
end_of_record
SF:lib/src/core/dio.dart
DA:6,1
DA:7,1
DA:8,1
DA:9,3
DA:10,3
DA:11,3
DA:12,1
DA:13,3
DA:14,3
DA:19,2
DA:20,3
DA:23,1
DA:24,0
LF:13
LH:12
end_of_record
SF:lib/src/core/errors.dart
DA:4,2
DA:6,1
DA:8,2
LF:3
LH:3
end_of_record
SF:lib/src/features/user/entity/account.dart
DA:13,2
DA:22,1
DA:23,1
DA:24,1
DA:25,1
DA:26,1
DA:27,1
DA:28,1
DA:29,1
DA:32,2
DA:33,1
DA:34,1
DA:35,1
DA:36,1
DA:47,7
DA:56,7
DA:64,7
DA:66,1
DA:67,3
DA:68,3
DA:69,3
DA:70,3
DA:74,4
DA:75,4
DA:76,4
DA:77,8
DA:78,8
DA:79,8
DA:80,8
DA:81,12
DA:85,1
DA:92,1
DA:93,1
DA:94,1
DA:95,1
DA:96,1
DA:98,1
DA:99,1
DA:101,1
DA:102,1
DA:104,1
DA:105,1
DA:109,2
DA:110,2
DA:111,2
DA:112,4
DA:113,4
DA:114,10
DA:115,4
DA:116,4
LF:50
LH:50
end_of_record
SF:lib/src/features/realtime/service.dart
DA:79,0
DA:102,0
DA:120,0
DA:121,0
DA:130,0
DA:141,0
DA:153,1
DA:162,1
DA:175,1
LF:9
LH:3
end_of_record
SF:lib/src/features/realtime/service.g.dart
DA:11,0
DA:13,0
DA:14,0
DA:15,0
DA:16,0
DA:17,0
DA:18,0
DA:19,0
DA:20,0
DA:21,0
DA:22,0
DA:23,0
DA:24,0
DA:25,0
DA:26,0
DA:27,0
DA:28,0
DA:32,0
DA:34,0
DA:35,0
DA:36,0
DA:37,0
DA:38,0
DA:39,0
DA:40,0
DA:41,0
DA:42,0
DA:43,0
DA:44,0
DA:45,0
DA:46,0
DA:47,0
DA:48,0
DA:49,0
LF:34
LH:0
end_of_record
SF:lib/src/features/message/api.dart
DA:36,0
DA:50,0
DA:64,0
DA:73,0
DA:79,0
DA:86,0
LF:6
LH:0
end_of_record
SF:lib/src/features/message/api.g.dart
DA:11,0
DA:12,0
DA:13,0
DA:14,0
DA:15,0
DA:19,0
DA:21,0
DA:22,0
DA:23,0
DA:24,0
DA:27,0
DA:28,0
DA:29,0
DA:30,0
DA:31,0
DA:32,0
DA:33,0
DA:34,0
DA:38,0
DA:39,0
DA:40,0
DA:41,0
DA:42,0
DA:43,0
DA:44,0
DA:45,0
DA:48,0
DA:49,0
DA:50,0
DA:51,0
DA:55,0
DA:56,0
DA:57,0
DA:58,0
DA:66,1
DA:67,2
DA:75,0
DA:76,0
DA:78,0
DA:84,0
DA:85,0
DA:86,0
DA:88,0
DA:90,0
DA:92,0
DA:94,0
DA:95,0
DA:99,0
DA:100,0
DA:102,0
DA:103,0
DA:104,0
DA:105,0
DA:107,0
DA:109,0
DA:111,0
DA:113,0
DA:114,0
DA:118,0
DA:119,0
DA:121,0
DA:122,0
DA:123,0
DA:124,0
DA:126,0
DA:128,0
DA:130,0
DA:132,0
DA:133,0
DA:137,0
DA:138,0
DA:140,0
DA:145,0
DA:146,0
DA:147,0
DA:149,0
DA:151,0
DA:153,0
DA:155,0
DA:156,0
LF:80
LH:2
end_of_record
SF:lib/src/features/message/entity.dart
DA:11,30
DA:12,30
DA:13,30
DA:14,30
DA:18,0
DA:20,0
DA:22,0
DA:40,0
DA:54,0
DA:65,0
DA:66,0
DA:68,0
DA:77,0
DA:86,0
DA:97,0
DA:98,0
DA:102,0
DA:107,0
DA:108,0
DA:111,0
DA:112,0
DA:113,0
DA:114,0
DA:115,0
DA:116,0
DA:117,0
DA:118,0
DA:119,0
DA:120,0
DA:121,0
DA:122,0
DA:123,0
DA:126,0
DA:129,0
DA:130,0
DA:131,0
DA:133,0
DA:134,0
DA:137,30
DA:138,30
DA:139,30
DA:140,30
DA:141,30
DA:145,0
DA:147,0
DA:149,0
DA:151,0
DA:171,1
DA:185,1
DA:198,1
DA:200,0
DA:201,0
DA:202,0
DA:203,0
DA:204,0
DA:205,0
DA:206,0
DA:207,0
DA:208,0
DA:209,0
DA:212,4
DA:213,1
DA:214,4
DA:215,2
DA:216,1
DA:217,1
DA:219,2
DA:220,2
DA:221,4
DA:223,1
DA:225,1
DA:232,4
DA:234,1
DA:236,1
DA:243,3
DA:244,3
DA:245,2
DA:246,5
DA:247,2
DA:248,1
DA:249,2
DA:250,2
DA:255,0
DA:256,0
DA:257,0
DA:258,0
DA:259,0
DA:260,0
DA:261,0
DA:262,0
DA:263,0
DA:264,0
DA:265,0
DA:266,0
LF:94
LH:34
end_of_record
SF:lib/src/features/user/entity/user.dart
DA:10,3
DA:17,1
DA:18,1
DA:19,1
DA:20,1
DA:21,1
DA:22,1
DA:30,6
DA:36,6
DA:42,6
DA:44,1
DA:45,4
DA:46,5
DA:50,1
DA:51,1
DA:52,1
DA:53,2
DA:54,2
DA:55,3
DA:59,2
DA:60,1
DA:61,2
DA:62,2
DA:63,5
LF:24
LH:24
end_of_record
SF:lib/src/features/message/repository.dart
DA:37,0
DA:43,0
LF:2
LH:0
end_of_record
SF:lib/src/features/message/repository_impl.dart
DA:13,1
DA:17,0
DA:24,0
DA:25,0
DA:31,0
DA:32,0
DA:33,0
DA:34,0
DA:35,0
DA:39,0
DA:48,0
DA:49,0
DA:50,0
DA:57,0
DA:58,0
DA:59,0
DA:60,0
DA:64,0
DA:70,0
DA:71,0
DA:72,0
DA:73,0
DA:74,0
DA:77,0
DA:83,0
DA:84,0
DA:85,0
DA:86,0
DA:87,0
DA:88,0
DA:89,0
DA:90,0
DA:91,0
LF:33
LH:1
end_of_record
SF:lib/src/features/message/usecase/delete_message.dart
DA:6,0
DA:18,0
DA:20,0
DA:22,0
DA:23,0
DA:24,0
DA:25,0
LF:7
LH:0
end_of_record
SF:lib/src/features/message/usecase/get_message_list.dart
DA:9,0
DA:22,0
DA:24,0
DA:26,0
DA:27,0
DA:28,0
DA:29,0
DA:30,0
DA:31,0
DA:33,0
DA:34,0
DA:35,0
DA:36,0
LF:13
LH:0
end_of_record
SF:lib/src/features/message/usecase/realtime.dart
DA:12,1
DA:16,0
DA:17,0
DA:19,0
DA:24,1
DA:28,0
DA:29,0
DA:31,0
DA:37,0
DA:41,0
DA:42,0
DA:45,0
DA:46,0
DA:47,0
DA:48,0
DA:49,0
DA:50,0
DA:51,0
DA:54,0
DA:55,0
DA:57,0
DA:58,0
DA:62,0
DA:66,0
DA:69,0
DA:70,0
DA:71,0
DA:72,0
DA:73,0
DA:74,0
DA:75,0
DA:78,0
DA:80,0
DA:82,0
DA:83,0
DA:87,1
DA:91,1
DA:92,2
DA:94,0
DA:100,1
DA:101,1
DA:102,1
DA:103,0
DA:104,0
DA:106,0
DA:107,0
DA:109,0
DA:110,0
DA:111,0
DA:116,0
DA:124,1
DA:126,1
DA:141,1
DA:142,1
DA:143,1
DA:144,2
DA:146,1
DA:147,1
DA:149,1
DA:150,3
DA:155,0
DA:159,0
DA:160,0
DA:163,0
DA:165,0
DA:166,0
DA:167,0
DA:168,0
DA:169,0
DA:173,0
DA:174,0
DA:176,0
DA:178,0
LF:73
LH:18
end_of_record
SF:lib/src/features/message/usecase/send_message.dart
DA:10,0
DA:15,0
DA:17,0
DA:19,0
DA:20,0
DA:22,0
DA:23,0
DA:25,0
DA:26,0
DA:29,0
DA:30,0
DA:31,0
DA:32,0
DA:33,0
DA:34,0
DA:35,0
DA:36,0
DA:38,0
DA:39,0
LF:19
LH:0
end_of_record
SF:lib/src/features/message/usecase/update_status.dart
DA:8,0
DA:16,2
DA:18,0
DA:20,0
DA:21,0
DA:22,0
DA:23,0
DA:24,0
DA:25,0
DA:27,0
DA:28,0
LF:11
LH:1
end_of_record
SF:lib/src/features/realtime/api.dart
DA:27,0
DA:35,0
DA:37,0
DA:39,0
DA:41,0
DA:43,0
DA:44,0
DA:46,0
DA:47,0
DA:57,0
DA:64,0
DA:91,0
LF:12
LH:0
end_of_record
SF:lib/src/features/realtime/api.g.dart
DA:12,1
DA:13,2
DA:21,0
DA:22,0
DA:24,0
DA:27,0
DA:28,0
DA:30,0
DA:32,0
DA:34,0
DA:36,0
DA:37,0
DA:41,0
DA:42,0
DA:44,0
DA:45,0
DA:46,0
DA:49,0
DA:51,0
DA:53,0
DA:55,0
DA:56,0
LF:22
LH:2
end_of_record
SF:lib/src/features/realtime/interval.dart
DA:6,1
DA:15,3
DA:16,2
DA:17,0
DA:19,0
DA:20,0
DA:23,0
DA:24,0
DA:27,1
DA:29,1
DA:30,3
DA:31,4
DA:34,2
DA:35,3
DA:37,0
LF:15
LH:9
end_of_record
SF:lib/src/features/realtime/local_mqtt_client.dart
DA:9,0
DA:10,0
DA:11,0
DA:12,0
DA:13,0
DA:18,0
DA:23,0
DA:24,0
DA:25,0
DA:26,0
DA:27,0
DA:28,0
DA:31,0
DA:32,0
DA:33,0
DA:34,0
DA:35,0
DA:38,0
DA:39,0
DA:40,0
DA:41,0
LF:21
LH:0
end_of_record
SF:lib/src/features/realtime/mqtt_events.dart
DA:13,0
DA:20,0
DA:21,0
DA:26,0
DA:28,0
DA:33,0
DA:34,0
DA:35,0
DA:36,0
DA:37,0
DA:38,0
DA:39,0
DA:40,0
DA:41,0
DA:48,0
DA:53,0
DA:55,0
DA:59,0
DA:60,0
DA:61,0
DA:62,0
DA:65,0
DA:66,0
DA:72,0
DA:77,0
DA:79,0
DA:80,0
DA:81,0
DA:85,0
DA:86,0
DA:87,0
DA:88,0
DA:89,0
DA:90,0
DA:91,0
DA:92,0
DA:94,0
DA:95,0
DA:98,0
DA:101,0
DA:102,0
DA:109,1
DA:113,0
DA:115,0
DA:119,0
DA:120,0
DA:121,0
DA:122,0
DA:125,1
DA:126,2
DA:131,0
DA:135,0
DA:137,0
DA:141,0
DA:142,0
DA:143,0
DA:144,0
DA:145,0
DA:146,0
DA:148,0
DA:152,0
DA:153,0
LF:62
LH:3
end_of_record
SF:lib/src/features/realtime/mqtt_service_impl.dart
DA:19,1
DA:20,4
DA:21,2
DA:22,0
DA:23,0
DA:25,2
DA:26,0
DA:27,0
DA:29,2
DA:31,2
DA:32,1
DA:33,1
DA:34,4
DA:35,1
DA:38,4
DA:39,0
DA:40,0
DA:41,0
DA:42,0
DA:46,4
DA:48,0
DA:50,0
DA:51,0
DA:56,0
DA:57,0
DA:58,0
DA:59,0
DA:60,0
DA:61,0
DA:63,0
DA:64,0
DA:66,0
DA:78,4
DA:80,0
DA:81,0
DA:82,0
DA:83,0
DA:84,0
DA:85,0
DA:86,0
DA:88,0
DA:92,0
DA:93,0
DA:95,0
DA:96,0
DA:97,0
DA:98,0
DA:99,0
DA:101,0
DA:102,0
DA:103,0
DA:104,0
DA:106,1
DA:108,4
DA:110,0
DA:111,0
DA:113,0
DA:114,0
DA:115,0
DA:116,0
DA:118,0
DA:119,0
DA:120,0
DA:121,0
DA:122,0
DA:123,0
DA:125,0
DA:127,0
DA:129,0
DA:130,0
DA:131,0
DA:132,0
DA:133,0
DA:136,0
DA:137,0
DA:138,0
DA:142,0
DA:143,0
DA:146,0
DA:149,0
DA:151,0
DA:152,0
DA:153,0
DA:157,0
DA:159,0
DA:162,0
DA:163,0
DA:166,0
DA:172,0
DA:174,0
DA:177,0
DA:183,0
DA:184,0
DA:190,0
DA:192,0
DA:193,0
DA:194,0
DA:196,0
DA:197,0
DA:198,0
DA:204,0
DA:206,0
DA:207,0
DA:208,0
DA:209,0
DA:210,0
DA:213,0
DA:216,0
DA:218,0
DA:219,0
DA:220,0
DA:221,0
DA:224,0
DA:225,0
DA:226,0
DA:227,0
DA:229,0
DA:230,0
DA:235,0
DA:237,0
DA:238,0
DA:239,0
DA:241,0
DA:242,0
DA:243,0
DA:244,0
DA:249,1
DA:250,6
DA:253,0
DA:255,0
DA:256,0
DA:257,0
DA:258,0
DA:259,0
DA:262,0
DA:266,0
DA:269,0
DA:270,0
DA:273,0
DA:274,0
DA:275,0
DA:276,0
DA:281,0
DA:284,0
DA:285,0
DA:286,0
DA:289,0
DA:290,0
DA:291,0
DA:292,0
DA:296,0
DA:298,0
DA:299,0
DA:300,0
DA:301,0
DA:302,0
DA:305,0
DA:306,0
DA:307,0
DA:310,0
DA:312,0
DA:313,0
DA:314,0
DA:315,0
DA:316,0
DA:318,0
DA:320,0
DA:321,0
DA:322,0
DA:323,0
DA:324,0
DA:326,0
DA:328,0
DA:329,0
DA:330,0
DA:331,0
DA:332,0
DA:334,0
DA:336,0
DA:339,0
DA:341,0
DA:344,0
DA:349,0
DA:350,0
DA:354,0
DA:355,0
DA:360,1
DA:361,1
DA:363,2
DA:365,0
DA:367,4
DA:369,0
DA:371,2
DA:373,0
DA:374,0
DA:376,0
DA:430,0
DA:432,0
DA:435,0
DA:442,0
DA:451,0
DA:457,0
DA:470,0
DA:478,0
DA:479,0
DA:480,0
DA:481,0
DA:482,0
DA:483,0
DA:492,0
DA:499,0
LF:211
LH:22
end_of_record
SF:lib/src/features/user/usecases/realtime.dart
DA:17,1
DA:23,1
DA:24,3
DA:26,1
DA:36,1
DA:42,1
DA:43,2
DA:48,2
DA:50,1
DA:51,1
DA:54,1
DA:56,4
DA:57,1
DA:58,1
DA:59,1
DA:62,1
DA:63,1
DA:64,2
DA:65,3
DA:66,1
DA:67,1
DA:68,1
DA:71,1
DA:73,5
DA:79,2
DA:82,1
DA:83,1
DA:85,1
DA:87,4
DA:88,1
DA:89,1
DA:90,1
DA:93,1
DA:94,1
DA:95,2
DA:96,3
DA:97,1
DA:98,1
DA:99,1
DA:102,1
DA:103,3
LF:41
LH:41
end_of_record
SF:lib/src/features/realtime/service_impl.dart
DA:11,1
DA:16,0
DA:17,0
DA:19,1
DA:20,2
DA:21,0
DA:23,2
DA:27,0
DA:28,0
DA:29,0
DA:31,0
DA:35,1
DA:36,1
DA:38,0
DA:39,0
DA:41,0
DA:47,0
DA:54,0
DA:60,0
DA:67,0
DA:69,0
DA:70,0
DA:71,0
DA:75,0
DA:77,0
DA:78,0
DA:79,0
DA:83,0
DA:85,0
DA:86,0
DA:87,0
DA:91,0
DA:93,0
DA:94,0
DA:95,0
DA:99,1
DA:101,2
DA:102,2
DA:103,2
DA:107,0
DA:109,0
DA:110,0
DA:111,0
DA:115,0
DA:117,0
DA:120,0
DA:122,0
DA:125,0
DA:127,0
DA:130,0
DA:132,0
DA:134,0
DA:135,0
DA:137,0
DA:138,0
DA:140,0
DA:141,0
DA:143,0
DA:145,0
DA:147,0
DA:152,0
DA:155,0
DA:157,0
DA:160,0
DA:162,0
LF:65
LH:10
end_of_record
SF:lib/src/features/realtime/sync_service_impl.dart
DA:15,1
DA:21,3
DA:22,3
DA:30,0
DA:32,0
DA:34,0
DA:37,2
DA:38,1
DA:39,1
DA:40,1
DA:42,2
DA:43,1
DA:44,1
DA:45,1
DA:46,0
DA:47,0
DA:50,1
DA:51,0
DA:52,1
DA:53,1
DA:54,1
DA:56,1
DA:57,1
DA:59,1
DA:60,1
DA:64,0
DA:66,0
DA:67,0
DA:68,0
DA:69,0
DA:70,0
DA:71,0
DA:72,0
DA:73,0
DA:74,0
DA:79,1
DA:81,2
DA:84,0
DA:86,0
DA:87,0
DA:90,0
DA:92,0
DA:93,0
DA:94,0
DA:95,0
DA:98,0
DA:100,0
DA:101,0
DA:102,0
DA:103,0
DA:106,1
DA:109,2
DA:112,0
DA:113,0
DA:116,0
DA:119,0
DA:122,3
DA:126,0
DA:128,0
DA:131,0
DA:133,0
DA:136,0
DA:138,0
DA:141,0
DA:146,1
DA:148,4
DA:150,0
DA:155,0
DA:161,0
DA:164,0
DA:170,0
DA:173,0
DA:175,0
DA:176,0
DA:179,0
DA:180,0
DA:182,0
DA:183,0
DA:185,0
DA:186,0
DA:188,0
DA:190,0
DA:192,0
DA:197,0
DA:200,0
DA:202,0
LF:86
LH:26
end_of_record
SF:lib/src/features/realtime/usecase/realtime.dart
DA:6,0
DA:8,0
DA:9,0
DA:13,0
DA:14,0
DA:16,0
DA:17,0
DA:19,0
DA:20,0
DA:24,0
DA:28,0
DA:29,0
DA:32,0
DA:33,0
DA:35,0
DA:36,0
DA:38,0
DA:39,0
DA:43,0
DA:47,0
DA:48,0
DA:51,0
DA:52,0
DA:54,0
DA:55,0
DA:57,0
DA:58,0
LF:27
LH:0
end_of_record
SF:lib/src/features/user/entity/participant.dart
DA:11,2
DA:20,1
DA:21,1
DA:22,1
DA:23,1
DA:24,1
DA:25,1
DA:26,1
DA:27,1
DA:30,2
DA:31,1
DA:32,1
DA:33,1
DA:34,1
DA:43,6
DA:52,6
DA:60,6
DA:62,2
DA:63,2
DA:64,2
DA:65,2
DA:66,2
DA:70,5
DA:71,5
DA:72,5
DA:73,10
DA:74,10
DA:75,5
DA:76,5
DA:77,7
DA:78,10
DA:79,7
DA:80,5
DA:81,5
DA:82,15
DA:86,4
DA:87,2
DA:88,4
DA:89,4
DA:90,4
DA:91,4
DA:92,10
DA:95,16
DA:96,8
DA:97,8
DA:98,8
LF:46
LH:46
end_of_record
SF:lib/src/features/user/user_api.dart
DA:16,2
DA:24,0
DA:25,0
DA:27,2
DA:29,1
DA:30,3
DA:37,3
DA:38,9
DA:39,3
DA:40,6
DA:42,3
DA:44,4
DA:52,1
DA:54,0
DA:56,1
DA:57,2
DA:65,1
DA:67,0
DA:68,1
DA:69,2
DA:84,1
DA:90,0
DA:92,1
DA:93,3
DA:99,0
DA:100,0
DA:101,0
DA:103,1
DA:109,0
DA:110,0
DA:111,0
DA:113,0
DA:115,1
DA:125,1
DA:127,0
DA:128,1
DA:129,4
DA:188,0
DA:189,0
DA:190,0
DA:191,0
DA:192,0
DA:193,0
DA:196,1
LF:44
LH:25
end_of_record
SF:lib/src/features/user/user_api.g.dart
DA:11,0
DA:12,0
DA:13,0
DA:14,0
DA:15,0
DA:16,0
DA:17,0
DA:21,1
DA:23,1
DA:24,1
DA:25,1
DA:26,1
DA:27,1
DA:28,1
DA:31,0
DA:33,0
DA:34,0
DA:38,0
DA:40,0
DA:41,0
DA:44,0
DA:45,0
DA:46,0
DA:50,0
DA:51,0
DA:52,0
DA:55,0
DA:56,0
DA:57,0
DA:58,0
DA:59,0
DA:63,0
DA:64,0
DA:65,0
DA:66,0
DA:67,0
DA:70,0
DA:71,0
DA:72,0
DA:73,0
DA:74,0
DA:78,0
DA:79,0
DA:80,0
DA:81,0
DA:82,0
DA:90,1
DA:91,2
DA:99,1
DA:100,1
DA:102,1
DA:103,1
DA:104,2
DA:105,3
DA:108,1
DA:110,1
DA:112,1
DA:114,2
DA:115,1
DA:119,0
DA:120,0
DA:122,0
DA:123,0
DA:124,0
DA:125,0
DA:128,0
DA:130,0
DA:132,0
DA:134,0
DA:135,0
DA:139,0
DA:140,0
DA:142,0
DA:143,0
DA:144,0
DA:145,0
DA:148,0
DA:150,0
DA:152,0
DA:154,0
DA:155,0
DA:159,0
DA:161,0
DA:162,0
DA:163,0
DA:164,0
DA:167,0
DA:169,0
DA:171,0
DA:173,0
DA:174,0
DA:175,0
DA:176,0
DA:180,0
DA:182,0
DA:183,0
DA:184,0
DA:187,0
DA:189,0
DA:191,0
DA:193,0
DA:194,0
DA:198,0
DA:200,0
DA:201,0
DA:202,0
DA:205,0
DA:207,0
DA:209,0
DA:211,0
DA:212,0
DA:216,0
DA:218,0
DA:223,0
DA:224,0
DA:225,0
DA:228,0
DA:230,0
DA:232,0
DA:234,0
DA:235,0
DA:239,0
DA:240,0
DA:242,0
DA:243,0
DA:244,0
DA:245,0
DA:247,0
DA:249,0
DA:251,0
DA:253,0
DA:254,0
DA:258,0
DA:259,0
DA:261,0
DA:262,0
DA:263,0
DA:264,0
DA:267,0
DA:269,0
DA:271,0
DA:273,0
DA:274,0
DA:278,0
DA:279,0
DA:281,0
DA:282,0
DA:283,0
DA:284,0
DA:287,0
DA:289,0
DA:291,0
DA:293,0
DA:294,0
DA:298,0
DA:299,0
DA:301,0
DA:302,0
DA:303,0
DA:304,0
DA:306,0
DA:308,0
DA:310,0
DA:312,0
DA:313,0
LF:165
LH:20
end_of_record
SF:lib/src/features/user/repository_impl.dart
DA:14,2
DA:16,2
DA:24,8
DA:25,2
DA:32,4
DA:35,1
DA:39,4
DA:40,1
DA:41,4
DA:44,1
DA:46,5
DA:47,1
DA:48,1
DA:51,1
DA:53,4
DA:54,1
DA:55,1
DA:58,1
DA:60,7
DA:61,1
DA:65,1
DA:67,3
DA:68,1
DA:69,1
DA:70,3
DA:73,1
DA:79,4
DA:80,1
DA:81,1
DA:82,3
DA:85,1
DA:90,4
DA:91,1
DA:95,4
DA:96,1
DA:97,1
DA:98,2
DA:103,1
DA:105,5
DA:106,1
DA:107,1
DA:110,1
DA:115,5
DA:118,4
DA:119,1
DA:120,2
DA:125,1
DA:131,4
DA:132,1
DA:137,4
DA:138,1
DA:139,2
DA:140,1
LF:53
LH:53
end_of_record
SF:lib/src/features/user/usecases/authenticate.dart
DA:15,2
DA:16,2
DA:18,2
DA:20,2
DA:21,2
DA:22,2
DA:23,2
DA:24,2
DA:25,2
DA:26,2
DA:28,2
DA:29,2
DA:30,2
DA:31,4
DA:32,4
DA:33,6
DA:34,2
DA:35,6
DA:36,2
DA:38,10
DA:50,2
LF:21
LH:21
end_of_record
SF:lib/src/features/user/usecases/authenticate_with_token.dart
DA:14,1
DA:15,1
DA:17,1
DA:19,1
DA:20,2
DA:21,5
DA:22,5
DA:23,3
DA:30,1
LF:9
LH:9
end_of_record
SF:lib/src/features/user/usecases/block_user.dart
DA:11,1
DA:16,2
DA:18,1
DA:20,3
LF:4
LH:4
end_of_record
SF:lib/src/features/user/usecases/get_blocked_user.dart
DA:11,1
DA:16,2
DA:18,1
DA:20,2
DA:21,1
DA:22,1
LF:6
LH:6
end_of_record
SF:lib/src/features/user/usecases/get_nonce.dart
DA:7,2
DA:9,1
DA:11,2
LF:3
LH:3
end_of_record
SF:lib/src/features/user/usecases/get_user_data.dart
DA:8,2
DA:10,1
DA:12,2
LF:3
LH:3
end_of_record
SF:lib/src/features/user/usecases/get_users.dart
DA:12,1
DA:17,2
DA:19,1
DA:21,2
DA:22,1
DA:23,1
DA:24,1
LF:7
LH:7
end_of_record
SF:lib/src/features/user/usecases/register_device_token.dart
DA:11,2
DA:16,2
DA:18,1
DA:20,2
DA:21,1
DA:22,1
DA:29,2
DA:31,1
DA:33,2
DA:34,1
DA:35,1
LF:11
LH:11
end_of_record
SF:lib/src/features/user/usecases/unblock_user.dart
DA:11,1
DA:17,2
DA:19,1
DA:21,3
LF:4
LH:4
end_of_record
SF:lib/src/features/user/usecases/update_user.dart
DA:15,1
DA:25,1
DA:26,1
DA:28,1
DA:30,1
DA:31,1
DA:32,1
DA:33,1
DA:34,1
DA:36,6
DA:37,1
DA:38,1
DA:39,1
LF:13
LH:13
end_of_record
SF:lib/extension.dart
DA:14,0
DA:15,0
DA:16,0
DA:20,0
DA:28,0
DA:29,0
DA:41,0
DA:46,0
DA:47,0
DA:56,1
DA:63,2
DA:64,1
DA:75,0
DA:79,0
DA:80,0
DA:84,0
DA:85,0
DA:86,0
DA:90,0
DA:98,0
DA:99,0
DA:110,0
DA:111,0
DA:112,0
DA:116,0
DA:120,0
DA:121,0
DA:125,0
DA:128,0
DA:129,0
DA:133,0
DA:134,0
DA:135,0
DA:139,0
DA:145,0
DA:146,0
DA:156,1
DA:162,2
DA:163,1
DA:173,0
DA:176,0
DA:177,0
DA:181,0
DA:188,0
DA:189,0
DA:200,0
DA:204,0
DA:205,0
DA:209,0
DA:212,0
DA:213,0
DA:217,0
DA:220,0
DA:223,0
DA:230,0
DA:231,0
DA:242,0
DA:245,0
DA:246,0
DA:248,0
DA:249,0
DA:254,0
DA:255,0
DA:258,0
DA:263,0
DA:264,0
DA:268,0
DA:273,0
DA:274,0
DA:283,0
DA:284,0
DA:285,0
DA:289,0
DA:293,0
DA:294,0
DA:302,0
DA:305,0
DA:306,0
DA:310,0
DA:315,0
DA:316,0
DA:326,0
DA:330,0
DA:331,0
DA:339,0
DA:343,0
DA:344,0
DA:352,0
DA:353,0
DA:356,0
DA:357,0
DA:358,0
DA:362,0
DA:363,0
DA:364,0
DA:368,0
DA:369,0
DA:372,0
DA:373,0
DA:376,0
DA:377,0
DA:380,0
DA:381,0
DA:384,0
DA:385,0
DA:388,0
DA:389,0
DA:390,0
DA:391,0
DA:392,0
DA:393,0
DA:394,0
DA:395,0
DA:401,0
DA:402,0
DA:403,0
DA:404,0
DA:405,0
DA:406,0
DA:407,0
DA:408,0
DA:414,0
DA:415,0
DA:416,0
DA:418,0
DA:420,0
LF:126
LH:6
end_of_record
SF:lib/src/core/utils.dart
DA:5,1
DA:6,1
DA:7,2
DA:8,0
DA:9,1
DA:11,1
DA:14,2
DA:15,2
DA:17,4
DA:18,0
DA:19,2
DA:22,2
DA:27,0
DA:30,0
DA:31,0
DA:32,0
DA:35,0
DA:36,0
LF:18
LH:10
end_of_record
SF:lib/src/qiscus_core.dart
DA:28,0
DA:32,2
DA:34,0
DA:38,0
DA:41,0
DA:50,0
DA:51,0
DA:62,1
DA:63,2
DA:64,1
DA:66,1
DA:68,1
DA:69,1
DA:75,0
DA:83,0
DA:84,0
DA:86,0
DA:88,0
DA:89,0
DA:100,1
DA:101,2
DA:104,1
DA:105,2
DA:108,0
DA:110,0
DA:112,3
DA:114,0
DA:116,1
DA:117,1
DA:118,3
DA:119,1
DA:120,3
DA:121,4
DA:124,0
DA:125,0
DA:130,0
DA:135,0
DA:136,0
DA:137,0
DA:139,0
DA:140,0
DA:143,0
DA:147,0
DA:148,0
DA:149,0
DA:150,0
DA:151,0
DA:154,0
DA:159,0
DA:160,0
DA:161,0
DA:162,0
DA:165,0
DA:169,0
DA:170,0
DA:171,0
DA:172,0
DA:173,0
DA:176,0
DA:179,0
DA:180,0
DA:181,0
DA:182,0
DA:183,0
DA:186,0
DA:193,0
DA:194,0
DA:195,0
DA:201,0
DA:202,0
DA:205,1
DA:212,1
DA:213,1
DA:214,3
DA:220,3
DA:221,1
DA:224,0
DA:228,0
DA:229,0
DA:230,0
DA:231,0
DA:232,0
DA:235,1
DA:239,1
DA:240,1
DA:241,1
DA:244,0
DA:252,0
DA:259,0
DA:260,0
DA:261,0
DA:262,0
DA:263,0
DA:266,0
DA:271,0
DA:272,0
DA:273,0
DA:274,0
DA:275,0
DA:276,0
DA:279,0
DA:283,0
DA:284,0
DA:285,0
DA:286,0
DA:287,0
DA:288,0
DA:291,0
DA:302,0
DA:305,0
DA:308,0
DA:315,0
DA:316,0
DA:317,0
DA:318,0
DA:319,0
DA:322,0
DA:326,0
DA:327,0
DA:328,0
DA:329,0
DA:330,0
DA:331,0
DA:333,0
DA:334,0
DA:338,0
DA:339,0
DA:342,0
DA:348,0
DA:350,0
DA:351,0
DA:352,0
DA:353,0
DA:354,0
DA:357,0
DA:364,0
DA:365,0
DA:366,0
DA:367,0
DA:368,0
DA:371,0
DA:377,0
DA:378,0
DA:379,0
DA:381,0
DA:382,0
DA:385,0
DA:387,0
DA:390,0
DA:391,0
DA:392,0
DA:395,0
DA:398,0
DA:399,0
DA:400,0
DA:401,0
DA:402,0
DA:405,0
DA:411,0
DA:416,0
DA:417,0
DA:418,0
DA:419,0
DA:420,0
DA:423,0
DA:426,0
DA:429,0
DA:434,0
DA:439,0
DA:440,0
DA:445,0
DA:446,0
DA:449,0
DA:454,0
DA:455,0
DA:460,0
DA:463,0
DA:464,0
DA:465,0
DA:466,0
DA:467,0
DA:468,0
DA:471,0
DA:472,0
DA:473,0
DA:474,0
DA:475,0
DA:476,0
DA:479,0
DA:480,0
DA:481,0
DA:482,0
DA:483,0
DA:484,0
DA:487,0
DA:488,0
DA:489,0
DA:490,0
DA:491,0
DA:494,0
DA:495,0
DA:496,0
DA:497,0
DA:498,0
DA:499,0
DA:502,0
DA:503,0
DA:504,0
DA:505,0
DA:506,0
DA:509,0
DA:510,0
DA:511,0
DA:512,0
DA:513,0
DA:514,0
DA:516,0
DA:517,0
DA:520,0
DA:521,0
DA:522,0
DA:523,0
DA:524,0
DA:525,0
DA:528,0
DA:531,0
DA:532,0
DA:533,0
DA:535,0
DA:536,0
DA:539,0
DA:540,0
DA:541,0
DA:542,0
DA:544,0
DA:545,0
DA:548,0
DA:553,0
DA:554,0
DA:555,0
DA:557,0
DA:558,0
DA:561,0
DA:565,0
DA:566,0
DA:567,0
DA:569,0
DA:571,0
DA:572,0
DA:575,0
DA:579,0
DA:580,0
DA:581,0
DA:585,0
DA:588,0
DA:592,0
DA:593,0
DA:594,0
DA:597,0
DA:602,0
DA:603,0
DA:606,0
DA:610,0
DA:611,0
DA:612,0
DA:615,0
DA:620,0
DA:621,0
DA:624,0
DA:629,0
DA:630,0
DA:631,0
DA:634,0
DA:639,0
DA:641,0
DA:642,0
DA:644,0
DA:646,0
DA:647,0
DA:648,0
DA:649,0
DA:650,0
DA:652,0
DA:653,0
DA:659,0
DA:663,0
DA:664,0
DA:665,0
DA:668,0
DA:669,0
DA:670,0
DA:673,0
DA:674,0
DA:677,0
DA:678,0
DA:681,1
DA:685,1
DA:688,0
DA:697,1
DA:706,1
DA:708,1
DA:709,1
DA:710,1
DA:711,1
DA:712,1
DA:713,1
DA:715,1
DA:716,1
DA:717,3
DA:720,1
DA:721,1
DA:722,1
DA:725,2
DA:726,3
DA:729,1
DA:737,1
DA:738,1
DA:745,1
DA:746,2
DA:747,1
DA:748,0
DA:749,0
DA:750,0
DA:753,1
DA:754,4
DA:755,1
DA:756,1
DA:762,4
DA:763,1
DA:766,0
DA:770,0
DA:771,0
DA:772,0
DA:773,0
DA:776,0
DA:777,0
DA:779,0
DA:780,0
DA:781,0
DA:782,0
DA:786,0
DA:789,0
DA:790,0
DA:792,0
DA:793,0
DA:794,0
DA:795,0
DA:798,0
DA:801,0
DA:805,0
DA:806,0
DA:807,0
DA:808,0
DA:809,0
DA:812,0
DA:813,0
DA:814,0
DA:815,0
DA:818,0
DA:819,0
DA:820,0
DA:821,0
DA:822,0
DA:825,0
DA:826,0
DA:827,0
DA:828,0
DA:829,0
DA:832,0
DA:836,0
DA:837,0
DA:838,0
DA:839,0
DA:842,0
DA:843,0
DA:844,0
DA:845,0
DA:848,0
DA:849,0
DA:850,0
DA:851,0
DA:854,1
DA:861,1
DA:862,4
DA:868,3
DA:869,1
DA:872,0
DA:878,0
DA:879,0
DA:884,0
DA:885,0
DA:886,0
DA:887,0
DA:890,0
DA:894,0
DA:895,0
DA:896,0
DA:897,0
DA:898,0
DA:900,0
DA:903,0
DA:904,0
DA:905,0
DA:907,0
DA:908,0
DA:909,0
DA:910,0
DA:911,0
DA:912,0
DA:916,0
DA:917,0
DA:919,0
DA:924,0
DA:925,0
DA:930,0
DA:931,0
DA:936,0
DA:942,0
DA:949,0
DA:950,0
DA:954,0
DA:955,0
DA:957,0
DA:964,0
DA:970,0
DA:979,0
DA:980,0
DA:984,0
DA:985,0
DA:987,0
DA:996,0
DA:1004,0
LF:432
LH:63
end_of_record
SF:lib/src/features/room/entity.dart
DA:20,7
DA:34,7
DA:47,7
DA:50,0
DA:51,0
DA:52,1
DA:53,1
DA:54,1
DA:55,1
DA:56,1
DA:57,1
DA:58,1
DA:62,4
DA:63,8
DA:64,12
DA:65,20
DA:66,16
DA:67,4
DA:68,12
DA:72,4
DA:73,4
DA:77,4
DA:79,1
DA:84,4
DA:85,8
DA:86,4
DA:87,8
DA:88,8
DA:89,8
DA:90,8
DA:91,8
DA:92,12
DA:93,4
DA:96,4
DA:97,4
DA:101,2
DA:102,1
DA:103,2
DA:104,2
DA:105,5
DA:106,3
DA:107,2
DA:108,1
DA:109,1
DA:110,1
DA:111,3
DA:112,1
DA:113,2
DA:114,1
DA:115,2
DA:127,2
DA:140,1
DA:141,1
DA:142,1
DA:143,1
DA:144,1
DA:145,1
DA:146,1
DA:147,1
DA:148,1
DA:149,1
DA:150,1
DA:151,1
DA:155,15
DA:156,14
DA:157,14
DA:158,14
LF:67
LH:65
end_of_record
SF:lib/src/core/injector.dart
DA:17,1
DA:18,2
DA:21,1
DA:22,2
DA:25,1
DA:26,2
DA:29,1
DA:30,1
DA:33,1
DA:34,1
DA:37,1
DA:39,3
DA:40,4
DA:41,5
DA:42,4
DA:43,4
DA:44,4
DA:45,1
DA:46,4
DA:50,4
DA:51,3
DA:52,2
DA:53,1
DA:54,1
DA:55,1
DA:57,3
DA:58,1
DA:59,1
DA:61,3
DA:62,1
DA:63,1
DA:64,1
DA:65,1
DA:67,3
DA:68,1
DA:69,1
DA:71,1
DA:72,1
DA:73,1
DA:76,4
DA:77,4
DA:78,1
DA:79,4
DA:80,1
DA:81,1
DA:82,1
DA:83,1
DA:84,1
DA:85,1
DA:86,1
DA:87,1
DA:88,1
DA:89,4
DA:92,4
DA:93,4
DA:94,3
DA:95,1
DA:96,1
DA:98,1
DA:99,0
DA:100,0
DA:102,1
DA:103,1
DA:104,1
DA:105,1
DA:106,1
DA:107,1
DA:108,1
DA:109,1
DA:110,1
DA:111,0
DA:112,0
DA:114,1
DA:115,1
DA:118,4
DA:119,1
DA:120,3
DA:121,1
DA:122,1
DA:123,1
DA:124,4
DA:125,3
DA:126,1
DA:127,1
DA:129,1
DA:130,1
DA:131,1
LF:87
LH:83
end_of_record
SF:lib/src/features/channel/usecase/create.dart
DA:9,0
DA:23,0
DA:25,0
DA:27,0
DA:28,0
DA:29,0
DA:30,0
DA:31,0
LF:8
LH:0
end_of_record
SF:lib/src/features/core/api.g.dart
DA:12,1
DA:13,2
DA:21,1
DA:23,1
DA:24,1
DA:25,3
DA:27,1
DA:29,1
DA:31,1
DA:33,1
DA:34,1
LF:11
LH:11
end_of_record
SF:lib/src/features/core/entity.dart
DA:7,1
DA:8,2
DA:9,1
DA:11,1
DA:26,1
DA:38,1
DA:39,1
DA:40,2
DA:41,2
DA:42,2
DA:43,2
DA:44,2
DA:46,2
DA:47,2
DA:48,2
DA:49,1
DA:50,2
DA:51,0
DA:52,0
DA:54,1
DA:56,2
DA:60,1
DA:61,2
DA:62,2
DA:63,7
DA:64,4
DA:65,4
DA:66,4
DA:67,4
DA:68,4
DA:69,2
LF:31
LH:29
end_of_record
SF:lib/src/features/core/repository.dart
DA:14,1
DA:18,1
DA:20,4
DA:21,1
DA:22,1
DA:23,2
DA:24,1
DA:25,2
LF:8
LH:8
end_of_record
SF:lib/src/features/core/usecase/app_config.dart
DA:8,1
DA:9,1
DA:12,1
DA:14,6
LF:4
LH:4
end_of_record
SF:lib/src/features/custom_event/usecase/realtime.dart
DA:10,0
DA:18,0
DA:22,0
DA:23,0
DA:25,0
DA:27,0
DA:28,0
DA:29,0
DA:33,0
DA:34,0
DA:35,0
DA:36,0
DA:38,0
DA:39,0
LF:14
LH:0
end_of_record
SF:lib/src/features/room/api.dart
DA:59,1
DA:79,2
DA:81,1
DA:83,1
DA:90,0
DA:107,0
DA:113,1
DA:133,2
DA:135,1
DA:137,1
DA:144,0
DA:158,0
DA:164,0
DA:180,0
DA:186,0
DA:193,0
DA:199,1
DA:206,1
DA:213,1
DA:220,1
DA:228,0
DA:247,0
DA:254,0
DA:261,0
LF:24
LH:12
end_of_record
SF:lib/src/features/room/api.g.dart
DA:11,0
DA:12,0
DA:13,0
DA:14,0
DA:15,0
DA:16,0
DA:20,1
DA:21,1
DA:22,1
DA:23,1
DA:24,1
DA:25,2
DA:28,0
DA:29,0
DA:30,0
DA:32,0
DA:33,0
DA:34,0
DA:35,0
DA:39,0
DA:40,0
DA:41,0
DA:42,0
DA:43,0
DA:44,0
DA:45,0
DA:48,0
DA:49,0
DA:50,0
DA:51,0
DA:52,0
DA:53,0
DA:57,1
DA:58,1
DA:59,1
DA:60,1
DA:61,1
DA:62,2
DA:65,0
DA:67,0
DA:68,0
DA:69,0
DA:70,0
DA:71,0
DA:75,0
DA:77,0
DA:78,0
DA:79,0
DA:80,0
DA:81,0
DA:84,0
DA:86,0
DA:87,0
DA:88,0
DA:89,0
DA:90,0
DA:94,0
DA:96,0
DA:97,0
DA:98,0
DA:99,0
DA:100,0
DA:103,0
DA:104,0
DA:105,0
DA:106,0
DA:110,0
DA:111,0
DA:112,0
DA:113,0
DA:116,0
DA:117,0
DA:118,0
DA:119,0
DA:120,0
DA:121,0
DA:122,0
DA:126,0
DA:127,0
DA:128,0
DA:129,0
DA:130,0
DA:131,0
DA:132,0
DA:135,0
DA:136,0
DA:137,0
DA:138,0
DA:142,0
DA:143,0
DA:144,0
DA:145,0
DA:153,1
DA:154,2
DA:162,0
DA:163,0
DA:165,0
DA:166,0
DA:167,0
DA:168,0
DA:171,0
DA:173,0
DA:175,0
DA:177,0
DA:178,0
DA:182,0
DA:183,0
DA:185,0
DA:186,0
DA:187,0
DA:189,0
DA:191,0
DA:193,0
DA:195,0
DA:196,0
DA:200,0
DA:201,0
DA:203,0
DA:204,0
DA:205,0
DA:206,0
DA:208,0
DA:210,0
DA:212,0
DA:214,0
DA:215,0
DA:219,0
DA:220,0
DA:222,0
DA:223,0
DA:224,0
DA:225,0
DA:228,0
DA:230,0
DA:232,0
DA:234,0
DA:235,0
DA:239,0
DA:240,0
DA:242,0
DA:243,0
DA:244,0
DA:245,0
DA:247,0
DA:249,0
DA:251,0
DA:253,0
DA:254,0
DA:258,0
DA:259,0
DA:261,0
DA:262,0
DA:263,0
DA:264,0
DA:266,0
DA:268,0
DA:270,0
DA:272,0
DA:273,0
DA:277,0
DA:278,0
DA:280,0
DA:281,0
DA:282,0
DA:283,0
DA:286,0
DA:288,0
DA:290,0
DA:292,0
DA:293,0
DA:297,1
DA:298,1
DA:300,1
DA:301,1
DA:302,2
DA:303,3
DA:305,1
DA:307,1
DA:309,1
DA:311,1
DA:312,1
DA:316,0
DA:317,0
DA:319,0
DA:320,0
DA:321,0
DA:323,0
DA:325,0
DA:327,0
DA:329,0
DA:330,0
DA:334,0
DA:335,0
DA:337,0
DA:338,0
DA:339,0
DA:340,0
DA:342,0
DA:344,0
DA:346,0
DA:348,0
DA:349,0
DA:353,0
DA:355,0
DA:356,0
DA:357,0
DA:359,0
DA:361,0
DA:363,0
DA:365,0
DA:366,0
DA:370,1
DA:371,1
DA:373,1
DA:374,1
DA:375,2
DA:376,3
DA:378,1
DA:380,1
DA:382,1
DA:384,1
DA:385,1
LF:222
LH:36
end_of_record
SF:lib/src/features/room/repository_impl.dart
DA:16,1
DA:18,0
DA:20,0
DA:21,0
DA:22,0
DA:23,0
DA:24,0
DA:25,0
DA:29,0
DA:31,0
DA:32,0
DA:33,0
DA:34,0
DA:35,0
DA:36,0
DA:37,0
DA:38,0
DA:39,0
DA:43,0
DA:48,0
DA:49,0
DA:50,0
DA:51,0
DA:52,0
DA:53,0
DA:54,0
DA:55,0
DA:57,0
DA:58,0
DA:59,0
DA:63,0
DA:66,0
DA:67,0
DA:68,0
DA:69,0
DA:70,0
DA:71,0
DA:72,0
DA:73,0
DA:74,0
DA:78,0
DA:81,0
DA:82,0
DA:83,0
DA:84,0
DA:85,0
DA:86,0
DA:87,0
DA:89,0
DA:90,0
DA:91,0
DA:95,0
DA:103,0
DA:109,0
DA:110,0
DA:111,0
DA:112,0
DA:113,0
DA:114,0
DA:118,0
DA:125,0
DA:130,0
DA:131,0
DA:132,0
DA:136,1
DA:143,5
DA:148,4
DA:149,1
DA:150,3
DA:154,0
DA:158,0
DA:159,0
DA:160,0
DA:161,0
DA:164,0
DA:172,0
DA:173,0
DA:178,0
DA:179,0
DA:180,0
DA:182,0
DA:183,0
DA:184,0
DA:188,0
DA:190,0
DA:191,0
DA:192,0
DA:193,0
DA:194,0
DA:195,0
DA:199,1
DA:206,5
DA:207,1
DA:211,4
DA:212,1
DA:213,3
DA:220,1
DA:228,2
LF:98
LH:14
end_of_record
SF:lib/src/features/room/usecase/clear_room_messages.dart
DA:10,1
DA:16,2
DA:18,1
DA:20,3
DA:25,1
DA:26,1
DA:27,1
DA:31,1
DA:32,1
DA:34,1
DA:35,1
DA:36,1
DA:37,3
DA:39,1
DA:40,1
LF:15
LH:15
end_of_record
SF:lib/src/features/room/usecase/create_group.dart
DA:7,2
DA:21,4
DA:23,2
DA:25,4
DA:26,2
DA:27,2
DA:28,2
DA:29,2
LF:8
LH:8
end_of_record
SF:lib/src/features/room/usecase/get_room.dart
DA:12,1
DA:16,2
DA:18,1
DA:20,1
DA:21,2
DA:22,1
DA:23,4
LF:7
LH:7
end_of_record
SF:lib/src/features/room/usecase/get_room_by_user_id.dart
DA:10,1
DA:15,2
DA:17,1
DA:19,1
DA:20,2
DA:21,1
DA:22,4
LF:7
LH:7
end_of_record
SF:lib/src/features/room/usecase/get_room_info.dart
DA:9,2
DA:11,1
DA:13,2
DA:14,1
DA:15,1
DA:16,1
DA:17,1
DA:18,1
DA:26,1
LF:9
LH:9
end_of_record
SF:lib/src/features/room/usecase/get_room_with_messages.dart
DA:11,2
DA:13,1
DA:15,4
DA:16,1
DA:17,2
DA:18,5
DA:20,1
DA:22,1
DA:23,2
DA:24,5
LF:10
LH:10
end_of_record
SF:lib/src/features/room/usecase/get_rooms.dart
DA:11,1
DA:27,2
DA:29,1
DA:31,1
DA:32,1
DA:33,1
DA:34,1
DA:35,1
DA:36,1
DA:37,1
DA:39,3
LF:11
LH:11
end_of_record
SF:lib/src/features/room/usecase/get_total_unread_count.dart
DA:7,2
DA:9,1
DA:11,2
LF:3
LH:3
end_of_record
SF:lib/src/features/room/usecase/participant.dart
DA:9,1
DA:17,2
DA:19,1
DA:21,1
DA:22,3
DA:23,3
DA:29,2
DA:31,1
DA:33,1
DA:34,3
DA:35,3
DA:41,2
DA:43,1
DA:45,1
DA:46,2
DA:47,3
LF:16
LH:16
end_of_record
SF:lib/src/features/room/usecase/update_room.dart
DA:9,2
DA:11,1
DA:13,2
DA:14,1
DA:15,1
DA:16,1
DA:17,1
DA:25,1
LF:8
LH:8
end_of_record
