SF:lib\src\features\user\usecases\authenticate.dart
DA:15,2
DA:16,2
DA:18,2
DA:20,2
DA:21,2
DA:22,2
DA:23,2
DA:24,2
DA:25,2
DA:26,2
DA:28,2
DA:29,2
DA:30,2
DA:31,4
DA:32,4
DA:33,6
DA:34,2
DA:35,6
DA:36,2
DA:38,10
DA:50,2
LF:21
LH:21
end_of_record
SF:lib\src\core\extension.dart
DA:12,0
DA:19,1
DA:20,4
DA:25,0
DA:26,0
DA:27,0
DA:28,0
DA:31,1
DA:34,1
DA:36,2
DA:37,0
DA:41,0
DA:42,0
DA:43,0
DA:44,0
DA:45,0
DA:48,1
DA:49,1
DA:50,0
DA:52,3
DA:53,1
DA:54,1
DA:55,1
DA:56,0
DA:58,0
DA:59,0
DA:66,4
DA:67,8
DA:69,4
DA:77,2
DA:78,2
DA:79,0
DA:81,0
DA:82,0
DA:85,0
DA:87,0
DA:89,0
DA:91,0
DA:92,0
DA:95,0
DA:101,2
DA:102,6
DA:105,1
DA:106,3
DA:109,4
DA:110,12
DA:113,4
DA:114,12
DA:119,1
DA:120,1
DA:122,0
DA:132,1
DA:133,1
DA:134,0
DA:140,0
DA:141,0
DA:142,0
DA:143,0
DA:147,1
DA:148,1
DA:149,1
DA:150,1
DA:156,1
DA:157,2
DA:160,1
DA:161,1
DA:162,0
DA:163,2
DA:164,1
DA:168,0
DA:169,0
DA:170,0
DA:174,0
DA:175,0
DA:176,0
DA:177,0
DA:183,0
DA:184,0
DA:185,0
DA:186,0
DA:190,0
DA:191,0
DA:192,0
DA:193,0
LF:84
LH:38
end_of_record
SF:lib\src\core\logger.dart
DA:3,16
DA:4,16
DA:5,16
DA:6,16
DA:10,1
DA:14,0
DA:16,3
DA:18,1
DA:19,2
DA:22,0
DA:23,0
LF:11
LH:8
end_of_record
SF:lib\src\core\storage.dart
DA:4,12
DA:5,4
DA:6,9
DA:7,7
DA:10,4
DA:23,4
DA:25,4
DA:27,4
DA:29,4
DA:31,0
DA:33,4
DA:35,1
DA:36,3
DA:38,0
DA:39,0
DA:41,1
DA:42,3
DA:44,0
DA:46,0
DA:47,0
DA:49,0
DA:50,0
DA:52,1
DA:53,3
DA:55,4
DA:58,1
DA:59,3
DA:61,1
DA:62,3
DA:64,0
DA:65,0
DA:67,0
DA:69,0
DA:71,4
DA:73,1
DA:74,3
DA:76,0
DA:77,0
DA:79,0
DA:80,0
DA:82,12
DA:84,12
DA:86,16
DA:88,12
DA:90,9
DA:92,0
DA:93,0
DA:95,0
DA:96,0
DA:98,4
DA:100,8
DA:102,4
DA:104,8
DA:106,0
DA:107,0
DA:112,3
DA:113,1
DA:118,1
DA:119,3
DA:121,3
DA:122,1
DA:127,0
DA:128,0
DA:130,1
DA:131,3
DA:133,0
DA:134,0
DA:136,0
DA:137,0
DA:139,0
DA:140,0
DA:145,1
DA:146,3
DA:148,0
DA:149,0
DA:150,0
DA:151,0
LF:77
LH:43
end_of_record
SF:lib\src\core\usecases.dart
DA:11,0
DA:13,0
DA:14,0
DA:22,13
DA:24,26
DA:32,0
DA:34,0
DA:48,0
DA:50,3
DA:51,9
DA:52,9
DA:53,9
DA:54,15
DA:55,15
DA:56,15
DA:58,0
DA:59,0
DA:60,0
DA:61,0
DA:62,0
DA:63,0
DA:66,0
DA:72,0
DA:73,0
LF:24
LH:9
end_of_record
SF:lib\src\core\mqtt.dart
DA:5,1
DA:6,4
DA:8,1
DA:9,1
DA:10,1
DA:11,4
DA:12,1
DA:13,1
DA:17,1
DA:18,1
DA:19,1
DA:20,1
DA:21,1
DA:22,1
DA:23,2
DA:31,1
LF:16
LH:16
end_of_record
SF:lib\src\core\dio.dart
DA:6,1
DA:7,1
DA:8,1
DA:9,3
DA:10,3
DA:11,3
DA:12,1
DA:13,3
DA:14,3
DA:19,2
DA:20,3
DA:23,1
DA:24,0
LF:13
LH:12
end_of_record
SF:lib\src\core\errors.dart
DA:4,2
DA:6,1
DA:8,2
LF:3
LH:3
end_of_record
SF:lib\src\features\user\entity\account.dart
DA:13,1
DA:22,0
DA:23,0
DA:24,0
DA:25,0
DA:26,0
DA:27,0
DA:28,0
DA:29,0
DA:32,0
DA:33,0
DA:34,0
DA:35,0
DA:36,0
DA:47,6
DA:56,6
DA:64,6
DA:66,1
DA:67,3
DA:68,3
DA:69,3
DA:70,3
DA:74,4
DA:75,4
DA:76,4
DA:77,8
DA:78,8
DA:79,8
DA:80,8
DA:81,12
DA:85,0
DA:92,0
DA:93,0
DA:94,0
DA:95,0
DA:96,0
DA:98,0
DA:99,0
DA:101,0
DA:102,0
DA:104,0
DA:105,0
DA:109,1
DA:110,1
DA:111,1
DA:112,2
DA:113,2
DA:114,5
DA:115,2
DA:116,2
LF:50
LH:25
end_of_record
SF:lib\src\features\realtime\service.dart
DA:79,0
DA:102,0
DA:120,0
DA:121,0
DA:130,0
DA:141,0
DA:153,0
DA:162,1
DA:175,1
LF:9
LH:2
end_of_record
SF:lib\src\features\realtime\service.g.dart
DA:11,0
DA:13,0
DA:14,0
DA:15,0
DA:16,0
DA:17,0
DA:18,0
DA:19,0
DA:20,0
DA:21,0
DA:22,0
DA:23,0
DA:24,0
DA:25,0
DA:26,0
DA:27,0
DA:28,0
DA:32,0
DA:34,0
DA:35,0
DA:36,0
DA:37,0
DA:38,0
DA:39,0
DA:40,0
DA:41,0
DA:42,0
DA:43,0
DA:44,0
DA:45,0
DA:46,0
DA:47,0
DA:48,0
DA:49,0
LF:34
LH:0
end_of_record
SF:lib\src\features\message\api.dart
DA:36,0
DA:50,0
DA:64,0
DA:73,0
DA:79,0
DA:86,0
LF:6
LH:0
end_of_record
SF:lib\src\features\message\api.g.dart
DA:11,0
DA:12,0
DA:13,0
DA:14,0
DA:15,0
DA:19,0
DA:21,0
DA:22,0
DA:23,0
DA:24,0
DA:27,0
DA:28,0
DA:29,0
DA:30,0
DA:31,0
DA:32,0
DA:33,0
DA:34,0
DA:38,0
DA:39,0
DA:40,0
DA:41,0
DA:42,0
DA:43,0
DA:44,0
DA:45,0
DA:48,0
DA:49,0
DA:50,0
DA:51,0
DA:55,0
DA:56,0
DA:57,0
DA:58,0
DA:66,1
DA:67,2
DA:75,0
DA:76,0
DA:78,0
DA:84,0
DA:85,0
DA:86,0
DA:88,0
DA:90,0
DA:92,0
DA:94,0
DA:95,0
DA:99,0
DA:100,0
DA:102,0
DA:103,0
DA:104,0
DA:105,0
DA:107,0
DA:109,0
DA:111,0
DA:113,0
DA:114,0
DA:118,0
DA:119,0
DA:121,0
DA:122,0
DA:123,0
DA:124,0
DA:126,0
DA:128,0
DA:130,0
DA:132,0
DA:133,0
DA:137,0
DA:138,0
DA:140,0
DA:145,0
DA:146,0
DA:147,0
DA:149,0
DA:151,0
DA:153,0
DA:155,0
DA:156,0
LF:80
LH:2
end_of_record
SF:lib\src\features\message\entity.dart
DA:11,16
DA:12,16
DA:13,16
DA:14,16
DA:18,0
DA:20,0
DA:22,0
DA:40,0
DA:54,0
DA:65,0
DA:66,0
DA:68,0
DA:77,0
DA:86,0
DA:97,0
DA:98,0
DA:102,0
DA:107,0
DA:108,0
DA:111,0
DA:112,0
DA:113,0
DA:114,0
DA:115,0
DA:116,0
DA:117,0
DA:118,0
DA:119,0
DA:120,0
DA:121,0
DA:122,0
DA:123,0
DA:126,0
DA:129,0
DA:130,0
DA:131,0
DA:133,0
DA:134,0
DA:137,16
DA:138,16
DA:139,16
DA:140,16
DA:141,16
DA:145,0
DA:147,0
DA:149,0
DA:151,0
DA:171,0
DA:185,0
DA:198,0
DA:200,0
DA:201,0
DA:202,0
DA:203,0
DA:204,0
DA:205,0
DA:206,0
DA:207,0
DA:208,0
DA:209,0
DA:212,1
DA:213,0
DA:214,1
DA:215,0
DA:216,0
DA:217,0
DA:219,0
DA:220,0
DA:221,0
DA:223,0
DA:225,0
DA:232,0
DA:234,0
DA:236,0
DA:243,0
DA:244,0
DA:245,0
DA:246,0
DA:247,0
DA:248,0
DA:249,0
DA:250,0
DA:255,0
DA:256,0
DA:257,0
DA:258,0
DA:259,0
DA:260,0
DA:261,0
DA:262,0
DA:263,0
DA:264,0
DA:265,0
DA:266,0
LF:94
LH:11
end_of_record
SF:lib\src\features\user\entity\user.dart
DA:10,0
DA:17,0
DA:18,0
DA:19,0
DA:20,0
DA:21,0
DA:22,0
DA:30,4
DA:36,4
DA:42,4
DA:44,1
DA:45,4
DA:46,4
DA:50,0
DA:51,0
DA:52,0
DA:53,0
DA:54,0
DA:55,0
DA:59,0
DA:60,0
DA:61,0
DA:62,0
DA:63,0
LF:24
LH:6
end_of_record
SF:lib\src\features\message\repository.dart
DA:37,0
DA:43,0
LF:2
LH:0
end_of_record
SF:lib\src\features\message\repository_impl.dart
DA:13,1
DA:17,0
DA:24,0
DA:25,0
DA:31,0
DA:32,0
DA:33,0
DA:34,0
DA:35,0
DA:39,0
DA:48,0
DA:49,0
DA:50,0
DA:57,0
DA:58,0
DA:59,0
DA:60,0
DA:64,0
DA:70,0
DA:71,0
DA:72,0
DA:73,0
DA:74,0
DA:77,0
DA:83,0
DA:84,0
DA:85,0
DA:86,0
DA:87,0
DA:88,0
DA:89,0
DA:90,0
DA:91,0
LF:33
LH:1
end_of_record
SF:lib\src\features\message\usecase\delete_message.dart
DA:6,0
DA:18,0
DA:20,0
DA:22,0
DA:23,0
DA:24,0
DA:25,0
LF:7
LH:0
end_of_record
SF:lib\src\features\message\usecase\get_message_list.dart
DA:9,0
DA:22,0
DA:24,0
DA:26,0
DA:27,0
DA:28,0
DA:29,0
DA:30,0
DA:31,0
DA:33,0
DA:34,0
DA:35,0
DA:36,0
LF:13
LH:0
end_of_record
SF:lib\src\features\message\usecase\realtime.dart
DA:12,0
DA:16,0
DA:17,0
DA:19,0
DA:24,0
DA:28,0
DA:29,0
DA:31,0
DA:37,0
DA:41,0
DA:42,0
DA:45,0
DA:46,0
DA:47,0
DA:48,0
DA:49,0
DA:50,0
DA:51,0
DA:54,0
DA:55,0
DA:57,0
DA:58,0
DA:62,0
DA:66,0
DA:69,0
DA:70,0
DA:71,0
DA:72,0
DA:73,0
DA:74,0
DA:75,0
DA:78,0
DA:80,0
DA:82,0
DA:83,0
DA:87,1
DA:91,1
DA:92,2
DA:94,0
DA:100,1
DA:101,1
DA:102,1
DA:103,0
DA:104,0
DA:106,0
DA:107,0
DA:109,0
DA:110,0
DA:111,0
DA:116,0
DA:124,1
DA:126,1
DA:129,1
DA:130,1
DA:131,3
DA:132,2
DA:134,0
DA:136,0
DA:141,1
DA:142,1
DA:143,1
DA:144,2
DA:146,1
DA:147,1
DA:149,1
DA:150,3
DA:155,0
DA:159,0
DA:160,0
DA:163,0
DA:165,0
DA:166,0
DA:167,0
DA:168,0
DA:169,0
DA:173,0
DA:174,0
DA:176,0
DA:178,0
LF:79
LH:20
end_of_record
SF:lib\src\features\message\usecase\send_message.dart
DA:10,0
DA:15,0
DA:17,0
DA:19,0
DA:20,0
DA:22,0
DA:23,0
DA:25,0
DA:26,0
DA:29,0
DA:30,0
DA:31,0
DA:32,0
DA:33,0
DA:34,0
DA:35,0
DA:36,0
DA:38,0
DA:39,0
LF:19
LH:0
end_of_record
SF:lib\src\features\message\usecase\update_status.dart
DA:8,0
DA:16,2
DA:18,0
DA:20,0
DA:21,0
DA:22,0
DA:23,0
DA:24,0
DA:25,0
DA:27,0
DA:28,0
LF:11
LH:1
end_of_record
SF:lib\src\features\realtime\api.dart
DA:27,0
DA:35,0
DA:37,0
DA:39,0
DA:41,0
DA:43,0
DA:44,0
DA:46,0
DA:47,0
DA:57,0
DA:64,0
DA:91,0
LF:12
LH:0
end_of_record
SF:lib\src\features\realtime\api.g.dart
DA:12,1
DA:13,2
DA:21,0
DA:22,0
DA:24,0
DA:27,0
DA:28,0
DA:30,0
DA:32,0
DA:34,0
DA:36,0
DA:37,0
DA:41,0
DA:42,0
DA:44,0
DA:45,0
DA:46,0
DA:49,0
DA:51,0
DA:53,0
DA:55,0
DA:56,0
LF:22
LH:2
end_of_record
SF:lib\src\features\realtime\interval.dart
DA:6,1
DA:15,3
DA:16,2
DA:17,0
DA:19,0
DA:20,0
DA:23,0
DA:24,0
DA:27,1
DA:29,1
DA:30,3
DA:31,4
DA:34,2
DA:35,3
DA:37,0
LF:15
LH:9
end_of_record
SF:lib\src\features\realtime\local_mqtt_client.dart
DA:9,0
DA:10,0
DA:11,0
DA:12,0
DA:13,0
DA:18,0
DA:23,0
DA:24,0
DA:25,0
DA:26,0
DA:27,0
DA:28,0
DA:31,0
DA:32,0
DA:33,0
DA:34,0
DA:35,0
DA:38,0
DA:39,0
DA:40,0
DA:41,0
LF:21
LH:0
end_of_record
SF:lib\src\features\realtime\mqtt_events.dart
DA:13,0
DA:20,0
DA:21,0
DA:26,0
DA:28,0
DA:33,0
DA:34,0
DA:35,0
DA:36,0
DA:37,0
DA:38,0
DA:39,0
DA:40,0
DA:41,0
DA:48,0
DA:53,0
DA:55,0
DA:59,0
DA:60,0
DA:61,0
DA:62,0
DA:65,0
DA:66,0
DA:72,0
DA:77,0
DA:79,0
DA:80,0
DA:81,0
DA:85,0
DA:86,0
DA:87,0
DA:88,0
DA:89,0
DA:90,0
DA:91,0
DA:92,0
DA:94,0
DA:95,0
DA:98,0
DA:101,0
DA:102,0
DA:109,1
DA:113,0
DA:115,0
DA:119,0
DA:120,0
DA:121,0
DA:122,0
DA:125,1
DA:126,2
DA:131,0
DA:135,0
DA:137,0
DA:141,0
DA:142,0
DA:143,0
DA:144,0
DA:145,0
DA:146,0
DA:148,0
DA:152,0
DA:153,0
LF:62
LH:3
end_of_record
SF:lib\src\features\realtime\mqtt_service_impl.dart
DA:19,1
DA:20,4
DA:21,2
DA:22,0
DA:23,0
DA:25,2
DA:26,0
DA:27,0
DA:29,2
DA:31,2
DA:32,1
DA:33,1
DA:34,4
DA:35,1
DA:38,4
DA:39,0
DA:40,0
DA:41,0
DA:42,0
DA:46,4
DA:48,0
DA:50,0
DA:51,0
DA:56,0
DA:57,0
DA:58,0
DA:59,0
DA:60,0
DA:61,0
DA:63,0
DA:64,0
DA:66,0
DA:78,4
DA:80,0
DA:81,0
DA:82,0
DA:83,0
DA:84,0
DA:85,0
DA:86,0
DA:88,0
DA:92,0
DA:93,0
DA:95,0
DA:96,0
DA:97,0
DA:98,0
DA:99,0
DA:101,0
DA:102,0
DA:103,0
DA:104,0
DA:106,1
DA:108,4
DA:110,0
DA:111,0
DA:113,0
DA:114,0
DA:115,0
DA:116,0
DA:118,0
DA:119,0
DA:120,0
DA:121,0
DA:122,0
DA:123,0
DA:125,0
DA:127,0
DA:129,0
DA:130,0
DA:131,0
DA:132,0
DA:133,0
DA:136,0
DA:137,0
DA:138,0
DA:142,0
DA:143,0
DA:146,0
DA:149,0
DA:151,0
DA:152,0
DA:153,0
DA:157,0
DA:159,0
DA:162,0
DA:163,0
DA:166,0
DA:172,0
DA:174,0
DA:177,0
DA:183,0
DA:184,0
DA:190,0
DA:192,0
DA:193,0
DA:194,0
DA:196,0
DA:197,0
DA:198,0
DA:204,0
DA:206,0
DA:207,0
DA:208,0
DA:209,0
DA:210,0
DA:213,0
DA:216,0
DA:218,0
DA:219,0
DA:220,0
DA:221,0
DA:224,0
DA:225,0
DA:226,0
DA:227,0
DA:229,0
DA:230,0
DA:235,0
DA:237,0
DA:238,0
DA:239,0
DA:241,0
DA:242,0
DA:243,0
DA:244,0
DA:249,1
DA:250,6
DA:253,0
DA:255,0
DA:256,0
DA:257,0
DA:258,0
DA:259,0
DA:262,0
DA:266,0
DA:269,0
DA:270,0
DA:273,0
DA:274,0
DA:275,0
DA:276,0
DA:281,0
DA:284,0
DA:285,0
DA:286,0
DA:289,0
DA:290,0
DA:291,0
DA:292,0
DA:296,0
DA:298,0
DA:299,0
DA:300,0
DA:301,0
DA:302,0
DA:305,0
DA:306,0
DA:307,0
DA:310,0
DA:312,0
DA:313,0
DA:314,0
DA:315,0
DA:316,0
DA:318,0
DA:320,0
DA:321,0
DA:322,0
DA:323,0
DA:324,0
DA:326,0
DA:328,0
DA:329,0
DA:330,0
DA:331,0
DA:332,0
DA:334,0
DA:336,0
DA:339,0
DA:341,0
DA:344,0
DA:349,0
DA:350,0
DA:354,0
DA:355,0
DA:360,1
DA:361,1
DA:363,2
DA:365,0
DA:367,2
DA:369,0
DA:371,2
DA:373,0
DA:374,0
DA:376,0
DA:430,0
DA:432,0
DA:435,0
DA:442,0
DA:451,0
DA:457,0
DA:470,0
DA:478,0
DA:479,0
DA:480,0
DA:481,0
DA:482,0
DA:483,0
DA:492,0
DA:499,0
LF:211
LH:22
end_of_record
SF:lib\src\features\user\usecases\realtime.dart
DA:17,1
DA:23,1
DA:24,3
DA:26,1
DA:36,1
DA:42,1
DA:43,2
DA:48,2
DA:50,1
DA:51,1
DA:54,1
DA:56,4
DA:57,1
DA:58,1
DA:59,1
DA:62,1
DA:63,1
DA:64,2
DA:65,3
DA:66,1
DA:67,1
DA:68,1
DA:71,1
DA:73,5
DA:79,2
DA:82,1
DA:83,1
DA:85,1
DA:87,4
DA:88,1
DA:89,1
DA:90,1
DA:93,1
DA:94,1
DA:95,2
DA:96,3
DA:97,1
DA:98,1
DA:99,1
DA:102,1
DA:103,3
LF:41
LH:41
end_of_record
SF:lib\src\features\realtime\service_impl.dart
DA:11,1
DA:16,0
DA:17,0
DA:19,1
DA:20,2
DA:21,0
DA:23,2
DA:27,0
DA:28,0
DA:29,0
DA:31,0
DA:35,1
DA:36,1
DA:38,0
DA:39,0
DA:41,0
DA:47,0
DA:54,0
DA:60,0
DA:67,0
DA:69,0
DA:70,0
DA:71,0
DA:75,0
DA:77,0
DA:78,0
DA:79,0
DA:83,0
DA:85,0
DA:86,0
DA:87,0
DA:91,0
DA:93,0
DA:94,0
DA:95,0
DA:99,1
DA:101,2
DA:102,2
DA:103,2
DA:107,0
DA:109,0
DA:110,0
DA:111,0
DA:115,0
DA:117,0
DA:120,0
DA:122,0
DA:125,0
DA:127,0
DA:130,0
DA:132,0
DA:134,0
DA:135,0
DA:137,0
DA:138,0
DA:140,0
DA:141,0
DA:143,0
DA:145,0
DA:147,0
DA:152,0
DA:155,0
DA:157,0
DA:160,0
DA:162,0
LF:65
LH:10
end_of_record
SF:lib\src\features\realtime\sync_service_impl.dart
DA:15,1
DA:21,3
DA:22,3
DA:30,0
DA:32,0
DA:34,0
DA:37,2
DA:38,1
DA:39,1
DA:40,1
DA:42,2
DA:43,1
DA:44,1
DA:45,1
DA:46,0
DA:47,0
DA:50,1
DA:51,0
DA:52,1
DA:53,1
DA:54,1
DA:56,1
DA:57,1
DA:59,1
DA:60,1
DA:64,0
DA:66,0
DA:67,0
DA:68,0
DA:69,0
DA:70,0
DA:71,0
DA:72,0
DA:73,0
DA:74,0
DA:79,1
DA:81,2
DA:84,0
DA:86,0
DA:87,0
DA:90,0
DA:92,0
DA:93,0
DA:94,0
DA:95,0
DA:98,0
DA:100,0
DA:101,0
DA:102,0
DA:103,0
DA:106,1
DA:109,2
DA:112,0
DA:113,0
DA:116,0
DA:119,0
DA:122,3
DA:126,0
DA:128,0
DA:131,0
DA:133,0
DA:136,0
DA:138,0
DA:141,0
DA:146,1
DA:148,4
DA:150,0
DA:155,0
DA:161,0
DA:164,0
DA:170,0
DA:173,0
DA:175,0
DA:176,0
DA:179,0
DA:180,0
DA:182,0
DA:183,0
DA:185,0
DA:186,0
DA:188,0
DA:190,0
DA:192,0
DA:197,0
DA:200,0
DA:202,0
LF:86
LH:26
end_of_record
SF:lib\src\features\realtime\usecase\realtime.dart
DA:6,0
DA:8,0
DA:9,0
DA:13,0
DA:14,0
DA:16,0
DA:17,0
DA:19,0
DA:20,0
DA:24,0
DA:28,0
DA:29,0
DA:32,0
DA:33,0
DA:35,0
DA:36,0
DA:38,0
DA:39,0
DA:43,0
DA:47,0
DA:48,0
DA:51,0
DA:52,0
DA:54,0
DA:55,0
DA:57,0
DA:58,0
LF:27
LH:0
end_of_record
SF:lib\src\features\user\entity\participant.dart
DA:8,1
DA:17,0
DA:18,0
DA:19,0
DA:20,0
DA:21,0
DA:22,0
DA:23,0
DA:24,0
DA:35,1
DA:44,1
DA:52,1
DA:54,0
DA:55,0
DA:56,0
DA:57,0
DA:58,0
DA:62,1
DA:63,1
DA:64,1
DA:65,2
DA:66,2
DA:67,1
DA:68,1
DA:70,2
DA:71,1
DA:72,1
DA:73,3
DA:77,2
DA:78,1
DA:79,2
DA:80,2
DA:81,2
DA:82,2
DA:83,5
DA:86,4
DA:87,2
DA:88,2
DA:89,2
LF:39
LH:26
end_of_record
SF:lib\src\features\user\user_api.dart
DA:16,2
DA:24,0
DA:25,0
DA:27,2
DA:29,1
DA:30,3
DA:37,3
DA:38,9
DA:39,3
DA:40,6
DA:42,3
DA:44,4
DA:52,1
DA:54,0
DA:56,1
DA:57,2
DA:65,1
DA:67,0
DA:68,1
DA:69,2
DA:84,1
DA:90,0
DA:92,1
DA:93,3
DA:99,0
DA:100,0
DA:101,0
DA:103,1
DA:109,0
DA:110,0
DA:111,0
DA:113,0
DA:115,1
DA:125,1
DA:127,0
DA:128,1
DA:129,4
DA:188,0
DA:189,0
DA:190,0
DA:191,0
DA:192,0
DA:193,0
DA:196,1
LF:44
LH:25
end_of_record
SF:lib\src\features\user\user_api.g.dart
DA:11,0
DA:12,0
DA:13,0
DA:14,0
DA:15,0
DA:16,0
DA:17,0
DA:21,1
DA:23,1
DA:24,1
DA:25,1
DA:26,1
DA:27,1
DA:28,1
DA:31,0
DA:33,0
DA:34,0
DA:38,0
DA:40,0
DA:41,0
DA:44,0
DA:45,0
DA:46,0
DA:50,0
DA:51,0
DA:52,0
DA:55,0
DA:56,0
DA:57,0
DA:58,0
DA:59,0
DA:63,0
DA:64,0
DA:65,0
DA:66,0
DA:67,0
DA:70,0
DA:71,0
DA:72,0
DA:73,0
DA:74,0
DA:78,0
DA:79,0
DA:80,0
DA:81,0
DA:82,0
DA:90,1
DA:91,2
DA:99,1
DA:100,1
DA:102,1
DA:103,1
DA:104,2
DA:105,3
DA:108,1
DA:110,1
DA:112,1
DA:114,2
DA:115,1
DA:119,0
DA:120,0
DA:122,0
DA:123,0
DA:124,0
DA:125,0
DA:128,0
DA:130,0
DA:132,0
DA:134,0
DA:135,0
DA:139,0
DA:140,0
DA:142,0
DA:143,0
DA:144,0
DA:145,0
DA:148,0
DA:150,0
DA:152,0
DA:154,0
DA:155,0
DA:159,0
DA:161,0
DA:162,0
DA:163,0
DA:164,0
DA:167,0
DA:169,0
DA:171,0
DA:173,0
DA:174,0
DA:175,0
DA:176,0
DA:180,0
DA:182,0
DA:183,0
DA:184,0
DA:187,0
DA:189,0
DA:191,0
DA:193,0
DA:194,0
DA:198,0
DA:200,0
DA:201,0
DA:202,0
DA:205,0
DA:207,0
DA:209,0
DA:211,0
DA:212,0
DA:216,0
DA:218,0
DA:223,0
DA:224,0
DA:225,0
DA:228,0
DA:230,0
DA:232,0
DA:234,0
DA:235,0
DA:239,0
DA:240,0
DA:242,0
DA:243,0
DA:244,0
DA:245,0
DA:247,0
DA:249,0
DA:251,0
DA:253,0
DA:254,0
DA:258,0
DA:259,0
DA:261,0
DA:262,0
DA:263,0
DA:264,0
DA:267,0
DA:269,0
DA:271,0
DA:273,0
DA:274,0
DA:278,0
DA:279,0
DA:281,0
DA:282,0
DA:283,0
DA:284,0
DA:287,0
DA:289,0
DA:291,0
DA:293,0
DA:294,0
DA:298,0
DA:299,0
DA:301,0
DA:302,0
DA:303,0
DA:304,0
DA:306,0
DA:308,0
DA:310,0
DA:312,0
DA:313,0
LF:165
LH:20
end_of_record
SF:lib\src\features\user\repository_impl.dart
DA:14,2
DA:16,2
DA:24,8
DA:25,2
DA:32,4
DA:35,1
DA:39,4
DA:40,1
DA:41,4
DA:44,1
DA:46,5
DA:47,1
DA:48,1
DA:51,1
DA:53,4
DA:54,1
DA:55,1
DA:58,1
DA:60,7
DA:61,1
DA:65,1
DA:67,3
DA:68,1
DA:69,1
DA:70,3
DA:73,1
DA:79,4
DA:80,1
DA:81,1
DA:82,3
DA:85,1
DA:90,4
DA:91,1
DA:95,4
DA:96,1
DA:97,1
DA:98,2
DA:103,1
DA:105,5
DA:106,1
DA:107,1
DA:110,1
DA:115,5
DA:118,4
DA:119,1
DA:120,2
DA:125,1
DA:131,4
DA:132,1
DA:137,4
DA:138,1
DA:139,2
DA:140,1
LF:53
LH:53
end_of_record
SF:lib\src\features\user\usecases\authenticate_with_token.dart
DA:14,1
DA:15,1
DA:17,1
DA:19,1
DA:20,2
DA:21,5
DA:22,5
DA:23,3
DA:30,1
LF:9
LH:9
end_of_record
SF:lib\src\features\user\usecases\block_user.dart
DA:11,1
DA:16,2
DA:18,1
DA:20,3
LF:4
LH:4
end_of_record
SF:lib\src\features\user\usecases\get_blocked_user.dart
DA:11,1
DA:16,2
DA:18,1
DA:20,2
DA:21,1
DA:22,1
LF:6
LH:6
end_of_record
SF:lib\src\features\user\usecases\get_nonce.dart
DA:7,2
DA:9,1
DA:11,2
LF:3
LH:3
end_of_record
SF:lib\src\features\user\usecases\get_user_data.dart
DA:8,2
DA:10,1
DA:12,2
LF:3
LH:3
end_of_record
SF:lib\src\features\user\usecases\get_users.dart
DA:12,1
DA:17,2
DA:19,1
DA:21,2
DA:22,1
DA:23,1
DA:24,1
LF:7
LH:7
end_of_record
SF:lib\src\features\user\usecases\register_device_token.dart
DA:11,2
DA:16,2
DA:18,1
DA:20,2
DA:21,1
DA:22,1
DA:29,2
DA:31,1
DA:33,2
DA:34,1
DA:35,1
LF:11
LH:11
end_of_record
SF:lib\src\features\user\usecases\unblock_user.dart
DA:11,1
DA:17,2
DA:19,1
DA:21,3
LF:4
LH:4
end_of_record
SF:lib\src\features\user\usecases\update_user.dart
DA:15,1
DA:25,1
DA:26,1
DA:28,1
DA:30,1
DA:31,1
DA:32,1
DA:33,1
DA:34,1
DA:36,6
DA:37,1
DA:38,1
DA:39,1
LF:13
LH:13
end_of_record
SF:lib\extension.dart
DA:14,0
DA:15,0
DA:16,0
DA:20,0
DA:28,0
DA:29,0
DA:41,0
DA:46,0
DA:47,0
DA:56,1
DA:63,2
DA:64,1
DA:75,0
DA:79,0
DA:80,0
DA:84,0
DA:85,0
DA:86,0
DA:90,0
DA:98,0
DA:99,0
DA:110,0
DA:111,0
DA:112,0
DA:116,0
DA:120,0
DA:121,0
DA:125,0
DA:128,0
DA:129,0
DA:133,0
DA:134,0
DA:135,0
DA:139,0
DA:145,0
DA:146,0
DA:156,1
DA:162,2
DA:163,1
DA:173,0
DA:176,0
DA:177,0
DA:181,0
DA:188,0
DA:189,0
DA:200,0
DA:204,0
DA:205,0
DA:209,0
DA:212,0
DA:213,0
DA:217,0
DA:220,0
DA:223,0
DA:230,0
DA:231,0
DA:242,0
DA:245,0
DA:246,0
DA:248,0
DA:249,0
DA:254,0
DA:255,0
DA:258,0
DA:263,0
DA:264,0
DA:268,0
DA:273,0
DA:274,0
DA:283,0
DA:284,0
DA:285,0
DA:289,0
DA:293,0
DA:294,0
DA:302,0
DA:305,0
DA:306,0
DA:310,0
DA:315,0
DA:316,0
DA:326,0
DA:330,0
DA:331,0
DA:339,0
DA:343,0
DA:344,0
DA:352,0
DA:353,0
DA:356,0
DA:357,0
DA:358,0
DA:362,0
DA:363,0
DA:364,0
DA:368,0
DA:369,0
DA:372,0
DA:373,0
DA:376,0
DA:377,0
DA:380,0
DA:381,0
DA:384,0
DA:385,0
DA:388,0
DA:389,0
DA:390,0
DA:391,0
DA:392,0
DA:393,0
DA:394,0
DA:395,0
DA:401,0
DA:402,0
DA:403,0
DA:404,0
DA:405,0
DA:406,0
DA:407,0
DA:408,0
DA:414,0
DA:415,0
DA:416,0
DA:418,0
DA:420,0
LF:126
LH:6
end_of_record
SF:lib\src\core\utils.dart
DA:5,1
DA:6,1
DA:7,2
DA:8,0
DA:9,1
DA:11,1
DA:14,2
DA:15,2
DA:17,4
DA:18,0
DA:19,2
DA:22,2
DA:27,0
DA:30,0
DA:31,0
DA:32,0
DA:35,0
DA:36,0
LF:18
LH:10
end_of_record
SF:lib\src\qiscus_core.dart
DA:28,0
DA:32,2
DA:34,0
DA:38,0
DA:41,0
DA:50,0
DA:51,0
DA:62,1
DA:63,2
DA:64,1
DA:66,1
DA:68,1
DA:69,1
DA:75,0
DA:83,0
DA:84,0
DA:86,0
DA:88,0
DA:89,0
DA:100,1
DA:101,2
DA:104,1
DA:105,2
DA:108,0
DA:110,0
DA:112,3
DA:114,0
DA:116,1
DA:117,1
DA:118,3
DA:119,1
DA:120,3
DA:121,4
DA:124,0
DA:125,0
DA:130,0
DA:135,0
DA:136,0
DA:137,0
DA:139,0
DA:140,0
DA:143,0
DA:147,0
DA:148,0
DA:149,0
DA:150,0
DA:151,0
DA:154,0
DA:159,0
DA:160,0
DA:161,0
DA:162,0
DA:165,0
DA:169,0
DA:170,0
DA:171,0
DA:172,0
DA:173,0
DA:176,0
DA:179,0
DA:180,0
DA:181,0
DA:182,0
DA:183,0
DA:186,0
DA:193,0
DA:194,0
DA:195,0
DA:201,0
DA:202,0
DA:205,1
DA:212,1
DA:213,1
DA:214,3
DA:220,3
DA:221,1
DA:224,0
DA:228,0
DA:229,0
DA:230,0
DA:231,0
DA:232,0
DA:235,1
DA:239,1
DA:240,1
DA:241,1
DA:244,0
DA:252,0
DA:259,0
DA:260,0
DA:261,0
DA:262,0
DA:263,0
DA:266,0
DA:271,0
DA:272,0
DA:273,0
DA:274,0
DA:275,0
DA:276,0
DA:279,0
DA:283,0
DA:284,0
DA:285,0
DA:286,0
DA:287,0
DA:288,0
DA:291,0
DA:302,0
DA:305,0
DA:308,0
DA:315,0
DA:316,0
DA:317,0
DA:318,0
DA:319,0
DA:322,0
DA:326,0
DA:327,0
DA:328,0
DA:329,0
DA:330,0
DA:331,0
DA:333,0
DA:334,0
DA:338,0
DA:339,0
DA:342,0
DA:348,0
DA:350,0
DA:351,0
DA:352,0
DA:353,0
DA:354,0
DA:357,0
DA:364,0
DA:365,0
DA:366,0
DA:367,0
DA:368,0
DA:371,0
DA:377,0
DA:378,0
DA:379,0
DA:381,0
DA:382,0
DA:385,0
DA:387,0
DA:390,0
DA:391,0
DA:392,0
DA:395,0
DA:398,0
DA:399,0
DA:400,0
DA:401,0
DA:402,0
DA:405,0
DA:411,0
DA:416,0
DA:417,0
DA:418,0
DA:419,0
DA:420,0
DA:423,0
DA:426,0
DA:429,0
DA:434,0
DA:439,0
DA:440,0
DA:445,0
DA:446,0
DA:449,0
DA:454,0
DA:455,0
DA:460,0
DA:463,0
DA:464,0
DA:465,0
DA:466,0
DA:467,0
DA:468,0
DA:471,0
DA:472,0
DA:473,0
DA:474,0
DA:475,0
DA:476,0
DA:479,0
DA:480,0
DA:481,0
DA:482,0
DA:483,0
DA:484,0
DA:487,0
DA:488,0
DA:489,0
DA:490,0
DA:491,0
DA:494,0
DA:495,0
DA:496,0
DA:497,0
DA:498,0
DA:499,0
DA:502,0
DA:503,0
DA:504,0
DA:505,0
DA:506,0
DA:509,0
DA:510,0
DA:511,0
DA:513,0
DA:514,0
DA:517,0
DA:518,0
DA:519,0
DA:520,0
DA:521,0
DA:522,0
DA:525,0
DA:528,0
DA:529,0
DA:530,0
DA:532,0
DA:533,0
DA:536,0
DA:537,0
DA:538,0
DA:539,0
DA:541,0
DA:542,0
DA:545,0
DA:550,0
DA:551,0
DA:552,0
DA:554,0
DA:555,0
DA:558,0
DA:562,0
DA:563,0
DA:564,0
DA:566,0
DA:568,0
DA:569,0
DA:572,0
DA:576,0
DA:577,0
DA:578,0
DA:582,0
DA:585,0
DA:589,0
DA:590,0
DA:591,0
DA:594,0
DA:599,0
DA:600,0
DA:603,0
DA:607,0
DA:608,0
DA:609,0
DA:612,0
DA:617,0
DA:618,0
DA:621,0
DA:626,0
DA:627,0
DA:628,0
DA:631,0
DA:636,0
DA:638,0
DA:639,0
DA:641,0
DA:643,0
DA:644,0
DA:645,0
DA:646,0
DA:647,0
DA:649,0
DA:650,0
DA:656,0
DA:660,0
DA:661,0
DA:662,0
DA:665,0
DA:666,0
DA:667,0
DA:670,0
DA:671,0
DA:674,0
DA:675,0
DA:678,1
DA:682,1
DA:685,0
DA:694,1
DA:703,1
DA:705,1
DA:706,1
DA:707,1
DA:708,1
DA:709,1
DA:710,1
DA:712,1
DA:713,1
DA:714,3
DA:717,1
DA:718,1
DA:719,1
DA:722,2
DA:723,3
DA:726,1
DA:734,1
DA:735,1
DA:742,1
DA:743,3
DA:744,0
DA:745,5
DA:746,2
DA:749,4
DA:750,1
DA:753,0
DA:757,0
DA:758,0
DA:759,0
DA:760,0
DA:763,0
DA:764,0
DA:766,0
DA:767,0
DA:768,0
DA:769,0
DA:773,0
DA:776,0
DA:777,0
DA:779,0
DA:780,0
DA:781,0
DA:782,0
DA:785,0
DA:788,0
DA:792,0
DA:793,0
DA:794,0
DA:795,0
DA:796,0
DA:799,0
DA:800,0
DA:801,0
DA:802,0
DA:805,0
DA:806,0
DA:807,0
DA:808,0
DA:809,0
DA:812,0
DA:813,0
DA:814,0
DA:815,0
DA:816,0
DA:819,0
DA:823,0
DA:824,0
DA:825,0
DA:826,0
DA:829,0
DA:830,0
DA:831,0
DA:832,0
DA:835,0
DA:836,0
DA:837,0
DA:838,0
DA:841,1
DA:848,1
DA:849,4
DA:855,3
DA:856,1
DA:859,0
DA:865,0
DA:866,0
DA:871,0
DA:872,0
DA:873,0
DA:874,0
DA:877,0
DA:881,0
DA:882,0
DA:883,0
DA:884,0
DA:885,0
DA:887,0
DA:890,0
DA:891,0
DA:892,0
DA:894,0
DA:895,0
DA:896,0
DA:897,0
DA:898,0
DA:899,0
DA:903,0
DA:904,0
DA:906,0
DA:911,0
DA:912,0
DA:917,0
DA:918,0
DA:923,0
DA:929,0
DA:936,0
DA:937,0
DA:941,0
DA:942,0
DA:944,0
DA:951,0
DA:957,0
DA:966,0
DA:967,0
DA:971,0
DA:972,0
DA:974,0
DA:983,0
DA:991,0
LF:424
LH:60
end_of_record
SF:lib\src\features\room\entity.dart
DA:20,1
DA:34,1
DA:47,1
DA:50,0
DA:51,0
DA:52,0
DA:53,0
DA:54,0
DA:55,0
DA:56,0
DA:57,0
DA:58,0
DA:62,1
DA:63,2
DA:64,3
DA:65,5
DA:66,4
DA:67,1
DA:68,3
DA:72,1
DA:73,1
DA:77,1
DA:79,1
DA:84,1
DA:85,2
DA:86,1
DA:87,2
DA:88,2
DA:89,2
DA:90,2
DA:91,2
DA:92,3
DA:93,1
DA:96,1
DA:97,1
DA:101,2
DA:102,1
DA:103,2
DA:104,2
DA:105,5
DA:106,3
DA:107,2
DA:108,1
DA:109,1
DA:110,1
DA:111,3
DA:112,1
DA:113,2
DA:114,1
DA:115,2
DA:127,1
DA:140,0
DA:141,0
DA:142,0
DA:143,0
DA:144,0
DA:145,0
DA:146,0
DA:147,0
DA:148,0
DA:149,0
DA:150,0
DA:151,0
DA:155,3
DA:156,3
DA:157,3
DA:158,3
LF:67
LH:46
end_of_record
SF:lib\src\core\injector.dart
DA:17,1
DA:18,2
DA:21,1
DA:22,2
DA:25,1
DA:26,2
DA:29,1
DA:30,1
DA:33,1
DA:34,1
DA:37,1
DA:39,3
DA:40,4
DA:41,5
DA:42,4
DA:43,4
DA:44,4
DA:45,1
DA:46,4
DA:50,4
DA:51,3
DA:52,2
DA:53,1
DA:54,1
DA:55,1
DA:57,3
DA:58,1
DA:59,1
DA:61,3
DA:62,1
DA:63,1
DA:64,1
DA:65,1
DA:67,3
DA:68,1
DA:69,1
DA:73,4
DA:74,4
DA:75,1
DA:76,4
DA:77,1
DA:78,1
DA:79,1
DA:80,1
DA:81,1
DA:82,1
DA:83,1
DA:84,1
DA:85,1
DA:86,4
DA:89,4
DA:90,4
DA:91,3
DA:92,1
DA:93,1
DA:95,1
DA:96,0
DA:97,0
DA:99,1
DA:100,1
DA:101,1
DA:102,1
DA:103,1
DA:104,1
DA:105,1
DA:106,1
DA:107,1
DA:108,0
DA:109,0
DA:111,1
DA:112,1
DA:115,4
DA:116,1
DA:117,3
DA:118,1
DA:119,1
DA:120,1
DA:121,4
DA:122,3
DA:123,1
DA:124,1
DA:126,1
DA:127,1
DA:128,1
LF:84
LH:80
end_of_record
SF:lib\src\features\channel\usecase\create.dart
DA:9,0
DA:23,0
DA:25,0
DA:27,0
DA:28,0
DA:29,0
DA:30,0
DA:31,0
LF:8
LH:0
end_of_record
SF:lib\src\features\core\api.g.dart
DA:12,1
DA:13,2
DA:21,1
DA:23,1
DA:24,1
DA:25,3
DA:27,1
DA:29,1
DA:31,1
DA:33,1
DA:34,1
LF:11
LH:11
end_of_record
SF:lib\src\features\core\entity.dart
DA:7,1
DA:8,2
DA:9,0
DA:11,1
DA:26,1
DA:38,1
DA:39,1
DA:40,2
DA:41,2
DA:42,2
DA:43,2
DA:44,2
DA:46,2
DA:47,2
DA:48,2
DA:49,1
DA:50,2
DA:51,0
DA:52,0
DA:54,1
DA:56,2
DA:60,1
DA:61,4
DA:62,4
DA:63,7
DA:64,4
DA:65,4
DA:66,4
DA:67,4
DA:68,4
DA:69,2
LF:31
LH:28
end_of_record
SF:lib\src\features\core\repository.dart
DA:14,1
DA:18,1
DA:20,4
DA:21,1
DA:22,1
DA:23,2
DA:24,1
DA:25,2
LF:8
LH:8
end_of_record
SF:lib\src\features\core\usecase\app_config.dart
DA:8,1
DA:9,1
DA:12,1
DA:14,6
LF:4
LH:4
end_of_record
SF:lib\src\features\custom_event\usecase\realtime.dart
DA:10,0
DA:18,0
DA:22,0
DA:23,0
DA:25,0
DA:27,0
DA:28,0
DA:29,0
DA:33,0
DA:34,0
DA:35,0
DA:36,0
DA:38,0
DA:39,0
LF:14
LH:0
end_of_record
SF:lib\src\features\room\api.dart
DA:59,1
DA:79,2
DA:81,1
DA:83,1
DA:90,0
DA:107,0
DA:113,1
DA:133,2
DA:135,1
DA:137,1
DA:144,0
DA:158,0
DA:164,0
DA:180,0
DA:186,0
DA:193,0
DA:199,0
DA:206,0
DA:213,0
DA:220,0
DA:228,0
DA:247,0
DA:254,0
DA:261,0
LF:24
LH:8
end_of_record
SF:lib\src\features\room\api.g.dart
DA:11,0
DA:12,0
DA:13,0
DA:14,0
DA:15,0
DA:16,0
DA:20,1
DA:21,1
DA:22,1
DA:23,1
DA:24,1
DA:25,2
DA:28,0
DA:29,0
DA:30,0
DA:32,0
DA:33,0
DA:34,0
DA:35,0
DA:39,0
DA:40,0
DA:41,0
DA:42,0
DA:43,0
DA:44,0
DA:45,0
DA:48,0
DA:49,0
DA:50,0
DA:51,0
DA:52,0
DA:53,0
DA:57,1
DA:58,1
DA:59,1
DA:60,1
DA:61,1
DA:62,2
DA:65,0
DA:67,0
DA:68,0
DA:69,0
DA:70,0
DA:71,0
DA:75,0
DA:77,0
DA:78,0
DA:79,0
DA:80,0
DA:81,0
DA:84,0
DA:86,0
DA:87,0
DA:88,0
DA:89,0
DA:90,0
DA:94,0
DA:96,0
DA:97,0
DA:98,0
DA:99,0
DA:100,0
DA:103,0
DA:104,0
DA:105,0
DA:106,0
DA:110,0
DA:111,0
DA:112,0
DA:113,0
DA:116,0
DA:117,0
DA:118,0
DA:119,0
DA:120,0
DA:121,0
DA:122,0
DA:126,0
DA:127,0
DA:128,0
DA:129,0
DA:130,0
DA:131,0
DA:132,0
DA:135,0
DA:136,0
DA:137,0
DA:138,0
DA:142,0
DA:143,0
DA:144,0
DA:145,0
DA:153,1
DA:154,2
DA:162,0
DA:163,0
DA:165,0
DA:166,0
DA:167,0
DA:168,0
DA:171,0
DA:173,0
DA:175,0
DA:177,0
DA:178,0
DA:182,0
DA:183,0
DA:185,0
DA:186,0
DA:187,0
DA:189,0
DA:191,0
DA:193,0
DA:195,0
DA:196,0
DA:200,0
DA:201,0
DA:203,0
DA:204,0
DA:205,0
DA:206,0
DA:208,0
DA:210,0
DA:212,0
DA:214,0
DA:215,0
DA:219,0
DA:220,0
DA:222,0
DA:223,0
DA:224,0
DA:225,0
DA:228,0
DA:230,0
DA:232,0
DA:234,0
DA:235,0
DA:239,0
DA:240,0
DA:242,0
DA:243,0
DA:244,0
DA:245,0
DA:247,0
DA:249,0
DA:251,0
DA:253,0
DA:254,0
DA:258,0
DA:259,0
DA:261,0
DA:262,0
DA:263,0
DA:264,0
DA:266,0
DA:268,0
DA:270,0
DA:272,0
DA:273,0
DA:277,0
DA:278,0
DA:280,0
DA:281,0
DA:282,0
DA:283,0
DA:286,0
DA:288,0
DA:290,0
DA:292,0
DA:293,0
DA:297,1
DA:298,1
DA:300,1
DA:301,1
DA:302,2
DA:303,3
DA:305,1
DA:307,1
DA:309,1
DA:311,1
DA:312,1
DA:316,0
DA:317,0
DA:319,0
DA:320,0
DA:321,0
DA:323,0
DA:325,0
DA:327,0
DA:329,0
DA:330,0
DA:334,0
DA:335,0
DA:337,0
DA:338,0
DA:339,0
DA:340,0
DA:342,0
DA:344,0
DA:346,0
DA:348,0
DA:349,0
DA:353,0
DA:355,0
DA:356,0
DA:357,0
DA:359,0
DA:361,0
DA:363,0
DA:365,0
DA:366,0
DA:370,1
DA:371,1
DA:373,1
DA:374,1
DA:375,2
DA:376,3
DA:378,1
DA:380,1
DA:382,1
DA:384,1
DA:385,1
LF:222
LH:36
end_of_record
SF:lib\src\features\room\repository_impl.dart
DA:16,1
DA:18,0
DA:20,0
DA:21,0
DA:22,0
DA:23,0
DA:24,0
DA:25,0
DA:29,0
DA:31,0
DA:32,0
DA:33,0
DA:34,0
DA:35,0
DA:36,0
DA:37,0
DA:38,0
DA:39,0
DA:43,0
DA:48,0
DA:49,0
DA:50,0
DA:51,0
DA:52,0
DA:53,0
DA:54,0
DA:55,0
DA:57,0
DA:58,0
DA:59,0
DA:63,0
DA:66,0
DA:67,0
DA:68,0
DA:69,0
DA:70,0
DA:71,0
DA:72,0
DA:73,0
DA:74,0
DA:78,0
DA:81,0
DA:82,0
DA:83,0
DA:84,0
DA:85,0
DA:86,0
DA:87,0
DA:89,0
DA:90,0
DA:91,0
DA:95,0
DA:103,0
DA:109,0
DA:110,0
DA:111,0
DA:112,0
DA:113,0
DA:114,0
DA:118,0
DA:125,0
DA:130,0
DA:131,0
DA:132,0
DA:136,1
DA:143,5
DA:148,4
DA:149,1
DA:150,3
DA:154,0
DA:158,0
DA:159,0
DA:160,0
DA:161,0
DA:164,0
DA:172,0
DA:173,0
DA:178,0
DA:179,0
DA:180,0
DA:182,0
DA:183,0
DA:184,0
DA:188,0
DA:190,0
DA:191,0
DA:192,0
DA:193,0
DA:194,0
DA:195,0
DA:199,1
DA:206,5
DA:207,1
DA:211,4
DA:212,1
DA:213,3
DA:220,0
DA:228,0
LF:98
LH:12
end_of_record
SF:lib\src\features\room\usecase\clear_room_messages.dart
DA:10,0
DA:16,0
DA:18,0
DA:20,0
DA:25,0
DA:26,0
DA:27,0
DA:31,0
DA:32,0
DA:34,0
DA:35,0
DA:36,0
DA:37,0
DA:39,0
DA:40,0
LF:15
LH:0
end_of_record
SF:lib\src\features\room\usecase\create_group.dart
DA:7,1
DA:21,2
DA:23,1
DA:25,2
DA:26,1
DA:27,1
DA:28,1
DA:29,1
LF:8
LH:8
end_of_record
SF:lib\src\features\room\usecase\get_room.dart
DA:12,0
DA:16,0
DA:18,0
DA:20,0
DA:21,0
DA:22,0
DA:23,0
LF:7
LH:0
end_of_record
SF:lib\src\features\room\usecase\get_room_by_user_id.dart
DA:10,0
DA:15,0
DA:17,0
DA:19,0
DA:20,0
DA:21,0
DA:22,0
LF:7
LH:0
end_of_record
SF:lib\src\features\room\usecase\get_room_info.dart
DA:9,0
DA:11,0
DA:13,0
DA:14,0
DA:15,0
DA:16,0
DA:17,0
DA:18,0
DA:26,0
LF:9
LH:0
end_of_record
SF:lib\src\features\room\usecase\get_room_with_messages.dart
DA:11,0
DA:13,0
DA:15,0
DA:16,0
DA:17,0
LF:5
LH:0
end_of_record
SF:lib\src\features\room\usecase\get_rooms.dart
DA:11,0
DA:27,0
DA:29,0
DA:31,0
DA:32,0
DA:33,0
DA:34,0
DA:35,0
DA:36,0
DA:37,0
DA:39,0
LF:11
LH:0
end_of_record
SF:lib\src\features\room\usecase\get_total_unread_count.dart
DA:7,0
DA:9,0
DA:11,0
LF:3
LH:0
end_of_record
SF:lib\src\features\room\usecase\participant.dart
DA:9,0
DA:17,0
DA:19,0
DA:21,0
DA:22,0
DA:23,0
DA:29,0
DA:31,0
DA:33,0
DA:34,0
DA:35,0
DA:41,0
DA:43,0
DA:45,0
DA:46,0
DA:47,0
LF:16
LH:0
end_of_record
SF:lib\src\features\room\usecase\update_room.dart
DA:9,2
DA:11,1
DA:13,2
DA:14,1
DA:15,1
DA:16,1
DA:17,1
DA:25,1
LF:8
LH:8
end_of_record
